# Logfile created on 2015-04-23 01:52:15 +0000 by logger.rb/44203
I, [2015-04-23T01:52:15.880933 #3038]  INFO -- : 0:  rake (10.4.2) from /home/vagrant/.rvm/gems/ruby-2.1.0/specifications/rake-10.4.2.gemspec
I, [2015-04-23T01:52:18.562080 #3038]  INFO -- : 0:  i18n (0.7.0) from /home/vagrant/.rvm/gems/ruby-2.1.0/specifications/i18n-0.7.0.gemspec
I, [2015-04-23T01:52:25.839955 #3038]  INFO -- : 0:  json (1.8.2) from /home/vagrant/.rvm/gems/ruby-2.1.0/specifications/json-1.8.2.gemspec
I, [2015-04-23T01:52:28.692855 #3038]  INFO -- : 0:  minitest (5.6.0) from /home/vagrant/.rvm/gems/ruby-2.1.0/specifications/minitest-5.6.0.gemspec
I, [2015-04-23T01:52:32.038145 #3038]  INFO -- : 0:  thread_safe (0.3.5) from /home/vagrant/.rvm/gems/ruby-2.1.0/specifications/thread_safe-0.3.5.gemspec
I, [2015-04-23T01:52:35.418186 #3038]  INFO -- : 0:  tzinfo (1.2.2) from /home/vagrant/.rvm/gems/ruby-2.1.0/specifications/tzinfo-1.2.2.gemspec
I, [2015-04-23T01:52:38.691684 #3038]  INFO -- : 0:  activesupport (4.2.1) from /home/vagrant/.rvm/gems/ruby-2.1.0/specifications/activesupport-4.2.1.gemspec
I, [2015-04-23T01:52:41.240365 #3038]  INFO -- : 0:  builder (3.2.2) from /home/vagrant/.rvm/gems/ruby-2.1.0/specifications/builder-3.2.2.gemspec
I, [2015-04-23T01:52:41.241610 #3038]  INFO -- : 0:  erubis (2.7.0) from /home/vagrant/.rvm/gems/ruby-2.1.0/specifications/erubis-2.7.0.gemspec
I, [2015-04-23T01:52:44.393684 #3038]  INFO -- : 0:  mini_portile (0.6.2) from /home/vagrant/.rvm/gems/ruby-2.1.0/specifications/mini_portile-0.6.2.gemspec
I, [2015-04-23T01:54:06.298317 #3038]  INFO -- : 0:  nokogiri (1.6.6.2) from /home/vagrant/.rvm/gems/ruby-2.1.0/specifications/nokogiri-1.6.6.2.gemspec
I, [2015-04-23T01:54:09.887206 #3038]  INFO -- : 0:  rails-deprecated_sanitizer (1.0.3) from /home/vagrant/.rvm/gems/ruby-2.1.0/specifications/rails-deprecated_sanitizer-1.0.3.gemspec
I, [2015-04-23T01:54:12.631240 #3038]  INFO -- : 0:  rails-dom-testing (1.0.6) from /home/vagrant/.rvm/gems/ruby-2.1.0/specifications/rails-dom-testing-1.0.6.gemspec
I, [2015-04-23T01:54:15.629054 #3038]  INFO -- : 0:  loofah (2.0.1) from /home/vagrant/.rvm/gems/ruby-2.1.0/specifications/loofah-2.0.1.gemspec
I, [2015-04-23T01:54:18.278249 #3038]  INFO -- : 0:  rails-html-sanitizer (1.0.2) from /home/vagrant/.rvm/gems/ruby-2.1.0/specifications/rails-html-sanitizer-1.0.2.gemspec
I, [2015-04-23T01:54:21.506441 #3038]  INFO -- : 0:  actionview (4.2.1) from /home/vagrant/.rvm/gems/ruby-2.1.0/specifications/actionview-4.2.1.gemspec
I, [2015-04-23T01:54:26.054659 #3038]  INFO -- : 0:  rack (1.6.0) from /home/vagrant/.rvm/gems/ruby-2.1.0/specifications/rack-1.6.0.gemspec
I, [2015-04-23T01:54:29.354289 #3038]  INFO -- : 0:  rack-test (0.6.3) from /home/vagrant/.rvm/gems/ruby-2.1.0/specifications/rack-test-0.6.3.gemspec
I, [2015-04-23T01:54:33.069012 #3038]  INFO -- : 0:  actionpack (4.2.1) from /home/vagrant/.rvm/gems/ruby-2.1.0/specifications/actionpack-4.2.1.gemspec
I, [2015-04-23T01:54:35.446111 #3038]  INFO -- : 0:  globalid (0.3.5) from /home/vagrant/.rvm/gems/ruby-2.1.0/specifications/globalid-0.3.5.gemspec
I, [2015-04-23T01:54:37.994336 #3038]  INFO -- : 0:  activejob (4.2.1) from /home/vagrant/.rvm/gems/ruby-2.1.0/specifications/activejob-4.2.1.gemspec
I, [2015-04-23T01:54:40.862011 #3038]  INFO -- : 0:  mime-types (2.4.3) from /home/vagrant/.rvm/gems/ruby-2.1.0/specifications/mime-types-2.4.3.gemspec
I, [2015-04-23T01:54:44.327843 #3038]  INFO -- : 0:  mail (2.6.3) from /home/vagrant/.rvm/gems/ruby-2.1.0/specifications/mail-2.6.3.gemspec
I, [2015-04-23T01:54:46.858093 #3038]  INFO -- : 0:  actionmailer (4.2.1) from /home/vagrant/.rvm/gems/ruby-2.1.0/specifications/actionmailer-4.2.1.gemspec
I, [2015-04-23T01:54:50.385285 #3038]  INFO -- : 0:  activemodel (4.2.1) from /home/vagrant/.rvm/gems/ruby-2.1.0/specifications/activemodel-4.2.1.gemspec
I, [2015-04-23T01:54:53.129604 #3038]  INFO -- : 0:  arel (6.0.0) from /home/vagrant/.rvm/gems/ruby-2.1.0/specifications/arel-6.0.0.gemspec
I, [2015-04-23T01:54:56.543612 #3038]  INFO -- : 0:  activerecord (4.2.1) from /home/vagrant/.rvm/gems/ruby-2.1.0/specifications/activerecord-4.2.1.gemspec
I, [2015-04-23T01:55:01.588712 #3038]  INFO -- : 0:  bcrypt (3.1.10) from /home/vagrant/.rvm/gems/ruby-2.1.0/specifications/bcrypt-3.1.10.gemspec
I, [2015-04-23T01:55:01.590438 #3038]  INFO -- : 0:  debug_inspector (0.0.2) from /home/vagrant/.rvm/gems/ruby-2.1.0@global/specifications/debug_inspector-0.0.2.gemspec
I, [2015-04-23T01:55:01.591730 #3038]  INFO -- : 0:  binding_of_caller (0.7.2) from /home/vagrant/.rvm/gems/ruby-2.1.0@global/specifications/binding_of_caller-0.7.2.gemspec
I, [2015-04-23T01:55:04.140906 #3038]  INFO -- : 0:  columnize (0.9.0) from /home/vagrant/.rvm/gems/ruby-2.1.0/specifications/columnize-0.9.0.gemspec
I, [2015-04-23T01:55:08.171721 #3038]  INFO -- : 0:  byebug (4.0.5) from /home/vagrant/.rvm/gems/ruby-2.1.0/specifications/byebug-4.0.5.gemspec
I, [2015-04-23T01:55:11.119276 #3038]  INFO -- : 0:  climate_control (0.0.3) from /home/vagrant/.rvm/gems/ruby-2.1.0/specifications/climate_control-0.0.3.gemspec
I, [2015-04-23T01:55:13.777004 #3038]  INFO -- : 0:  cocaine (0.5.7) from /home/vagrant/.rvm/gems/ruby-2.1.0/specifications/cocaine-0.5.7.gemspec
I, [2015-04-23T01:55:16.602287 #3038]  INFO -- : 0:  coffee-script-source (1.9.1.1) from /home/vagrant/.rvm/gems/ruby-2.1.0/specifications/coffee-script-source-1.9.1.1.gemspec
I, [2015-04-23T01:55:19.323008 #3038]  INFO -- : 0:  execjs (2.5.2) from /home/vagrant/.rvm/gems/ruby-2.1.0/specifications/execjs-2.5.2.gemspec
I, [2015-04-23T01:55:21.684866 #3038]  INFO -- : 0:  coffee-script (2.4.1) from /home/vagrant/.rvm/gems/ruby-2.1.0/specifications/coffee-script-2.4.1.gemspec
I, [2015-04-23T01:55:21.686467 #3038]  INFO -- : 0:  thor (0.19.1) from /home/vagrant/.rvm/gems/ruby-2.1.0/specifications/thor-0.19.1.gemspec
I, [2015-04-23T01:55:24.575366 #3038]  INFO -- : 0:  railties (4.2.1) from /home/vagrant/.rvm/gems/ruby-2.1.0/specifications/railties-4.2.1.gemspec
I, [2015-04-23T01:55:26.933908 #3038]  INFO -- : 0:  coffee-rails (4.1.0) from /home/vagrant/.rvm/gems/ruby-2.1.0/specifications/coffee-rails-4.1.0.gemspec
I, [2015-04-23T01:55:26.935495 #3038]  INFO -- : 0:  orm_adapter (0.5.0) from /home/vagrant/.rvm/gems/ruby-2.1.0@global/specifications/orm_adapter-0.5.0.gemspec
I, [2015-04-23T01:55:29.575378 #3038]  INFO -- : 0:  responders (2.1.0) from /home/vagrant/.rvm/gems/ruby-2.1.0/specifications/responders-2.1.0.gemspec
I, [2015-04-23T01:55:32.069126 #3038]  INFO -- : 0:  warden (1.2.3) from /home/vagrant/.rvm/gems/ruby-2.1.0/specifications/warden-1.2.3.gemspec
I, [2015-04-23T01:55:35.884505 #3038]  INFO -- : 0:  devise (3.4.1) from /home/vagrant/.rvm/gems/ruby-2.1.0/specifications/devise-3.4.1.gemspec
I, [2015-04-23T01:55:38.454086 #3038]  INFO -- : 0:  multi_json (1.11.0) from /home/vagrant/.rvm/gems/ruby-2.1.0/specifications/multi_json-1.11.0.gemspec
I, [2015-04-23T01:55:41.182016 #3038]  INFO -- : 0:  jbuilder (2.2.13) from /home/vagrant/.rvm/gems/ruby-2.1.0/specifications/jbuilder-2.2.13.gemspec
I, [2015-04-23T01:55:45.434991 #3038]  INFO -- : 0:  jquery-rails (4.0.3) from /home/vagrant/.rvm/gems/ruby-2.1.0/specifications/jquery-rails-4.0.3.gemspec
I, [2015-04-23T01:55:48.885165 #3038]  INFO -- : 0:  paperclip (4.2.1) from /home/vagrant/.rvm/gems/ruby-2.1.0/specifications/paperclip-4.2.1.gemspec
I, [2015-04-23T01:55:48.886424 #3038]  INFO -- : 0:  bundler (1.5.0) from /home/vagrant/.rvm/gems/ruby-2.1.0@global/specifications/bundler-1.5.0.gemspec
I, [2015-04-23T01:55:51.638572 #3038]  INFO -- : 0:  sprockets (3.0.1) from /home/vagrant/.rvm/gems/ruby-2.1.0/specifications/sprockets-3.0.1.gemspec
I, [2015-04-23T01:55:54.171750 #3038]  INFO -- : 0:  sprockets-rails (2.2.4) from /home/vagrant/.rvm/gems/ruby-2.1.0/specifications/sprockets-rails-2.2.4.gemspec
I, [2015-04-23T01:56:02.257437 #3038]  INFO -- : 0:  rails (4.2.1) from /home/vagrant/.rvm/gems/ruby-2.1.0/specifications/rails-4.2.1.gemspec
I, [2015-04-23T01:56:08.530491 #3038]  INFO -- : 0:  rdoc (4.2.0) from /home/vagrant/.rvm/gems/ruby-2.1.0/specifications/rdoc-4.2.0.gemspec
I, [2015-04-23T01:56:13.638271 #3038]  INFO -- : 0:  sass (3.4.13) from /home/vagrant/.rvm/gems/ruby-2.1.0/specifications/sass-3.4.13.gemspec
I, [2015-04-23T01:56:13.639649 #3038]  INFO -- : 0:  tilt (1.4.1) from /home/vagrant/.rvm/gems/ruby-2.1.0/specifications/tilt-1.4.1.gemspec
I, [2015-04-23T01:56:16.902761 #3038]  INFO -- : 0:  sass-rails (5.0.3) from /home/vagrant/.rvm/gems/ruby-2.1.0/specifications/sass-rails-5.0.3.gemspec
I, [2015-04-23T01:56:21.646116 #3038]  INFO -- : 0:  sdoc (0.4.1) from /home/vagrant/.rvm/gems/ruby-2.1.0/specifications/sdoc-0.4.1.gemspec
I, [2015-04-23T01:56:25.318321 #3038]  INFO -- : 0:  spring (1.3.4) from /home/vagrant/.rvm/gems/ruby-2.1.0/specifications/spring-1.3.4.gemspec
I, [2015-04-23T01:56:31.474283 #3038]  INFO -- : 0:  sqlite3 (1.3.10) from /home/vagrant/.rvm/gems/ruby-2.1.0/specifications/sqlite3-1.3.10.gemspec
I, [2015-04-23T01:56:34.094013 #3038]  INFO -- : 0:  turbolinks (2.5.3) from /home/vagrant/.rvm/gems/ruby-2.1.0/specifications/turbolinks-2.5.3.gemspec
I, [2015-04-23T01:56:37.045782 #3038]  INFO -- : 0:  uglifier (2.7.1) from /home/vagrant/.rvm/gems/ruby-2.1.0/specifications/uglifier-2.7.1.gemspec
I, [2015-04-23T01:56:46.897599 #3038]  INFO -- : 0:  web-console (2.1.2) from /home/vagrant/.rvm/gems/ruby-2.1.0/specifications/web-console-2.1.2.gemspec
