# Logfile created on 2015-04-23 04:01:27 +0000 by logger.rb/44203
I, [2015-04-23T04:01:27.303447 #3548]  INFO -- : 0:  rake (10.4.2) from /home/vagrant/.rvm/gems/ruby-2.1.0/specifications/rake-10.4.2.gemspec
I, [2015-04-23T04:01:27.304200 #3548]  INFO -- : 0:  i18n (0.7.0) from /home/vagrant/.rvm/gems/ruby-2.1.0/specifications/i18n-0.7.0.gemspec
I, [2015-04-23T04:01:27.304791 #3548]  INFO -- : 0:  json (1.8.2) from /home/vagrant/.rvm/gems/ruby-2.1.0/specifications/json-1.8.2.gemspec
I, [2015-04-23T04:01:27.305395 #3548]  INFO -- : 0:  minitest (5.6.0) from /home/vagrant/.rvm/gems/ruby-2.1.0/specifications/minitest-5.6.0.gemspec
I, [2015-04-23T04:01:27.305906 #3548]  INFO -- : 0:  thread_safe (0.3.5) from /home/vagrant/.rvm/gems/ruby-2.1.0/specifications/thread_safe-0.3.5.gemspec
I, [2015-04-23T04:01:27.306522 #3548]  INFO -- : 0:  tzinfo (1.2.2) from /home/vagrant/.rvm/gems/ruby-2.1.0/specifications/tzinfo-1.2.2.gemspec
I, [2015-04-23T04:01:27.307057 #3548]  INFO -- : 0:  activesupport (4.2.1) from /home/vagrant/.rvm/gems/ruby-2.1.0/specifications/activesupport-4.2.1.gemspec
I, [2015-04-23T04:01:27.307588 #3548]  INFO -- : 0:  builder (3.2.2) from /home/vagrant/.rvm/gems/ruby-2.1.0/specifications/builder-3.2.2.gemspec
I, [2015-04-23T04:01:27.308283 #3548]  INFO -- : 0:  erubis (2.7.0) from /home/vagrant/.rvm/gems/ruby-2.1.0/specifications/erubis-2.7.0.gemspec
I, [2015-04-23T04:01:27.308900 #3548]  INFO -- : 0:  mini_portile (0.6.2) from /home/vagrant/.rvm/gems/ruby-2.1.0/specifications/mini_portile-0.6.2.gemspec
I, [2015-04-23T04:01:27.309511 #3548]  INFO -- : 0:  nokogiri (1.6.6.2) from /home/vagrant/.rvm/gems/ruby-2.1.0/specifications/nokogiri-1.6.6.2.gemspec
I, [2015-04-23T04:01:27.310115 #3548]  INFO -- : 0:  rails-deprecated_sanitizer (1.0.3) from /home/vagrant/.rvm/gems/ruby-2.1.0/specifications/rails-deprecated_sanitizer-1.0.3.gemspec
I, [2015-04-23T04:01:27.310619 #3548]  INFO -- : 0:  rails-dom-testing (1.0.6) from /home/vagrant/.rvm/gems/ruby-2.1.0/specifications/rails-dom-testing-1.0.6.gemspec
I, [2015-04-23T04:01:27.311115 #3548]  INFO -- : 0:  loofah (2.0.1) from /home/vagrant/.rvm/gems/ruby-2.1.0/specifications/loofah-2.0.1.gemspec
I, [2015-04-23T04:01:27.311607 #3548]  INFO -- : 0:  rails-html-sanitizer (1.0.2) from /home/vagrant/.rvm/gems/ruby-2.1.0/specifications/rails-html-sanitizer-1.0.2.gemspec
I, [2015-04-23T04:01:27.312126 #3548]  INFO -- : 0:  actionview (4.2.1) from /home/vagrant/.rvm/gems/ruby-2.1.0/specifications/actionview-4.2.1.gemspec
I, [2015-04-23T04:01:27.312614 #3548]  INFO -- : 0:  rack (1.6.0) from /home/vagrant/.rvm/gems/ruby-2.1.0/specifications/rack-1.6.0.gemspec
I, [2015-04-23T04:01:27.313686 #3548]  INFO -- : 0:  rack-test (0.6.3) from /home/vagrant/.rvm/gems/ruby-2.1.0/specifications/rack-test-0.6.3.gemspec
I, [2015-04-23T04:01:27.314414 #3548]  INFO -- : 0:  actionpack (4.2.1) from /home/vagrant/.rvm/gems/ruby-2.1.0/specifications/actionpack-4.2.1.gemspec
I, [2015-04-23T04:01:27.314962 #3548]  INFO -- : 0:  globalid (0.3.5) from /home/vagrant/.rvm/gems/ruby-2.1.0/specifications/globalid-0.3.5.gemspec
I, [2015-04-23T04:01:27.315489 #3548]  INFO -- : 0:  activejob (4.2.1) from /home/vagrant/.rvm/gems/ruby-2.1.0/specifications/activejob-4.2.1.gemspec
I, [2015-04-23T04:01:27.316015 #3548]  INFO -- : 0:  mime-types (2.4.3) from /home/vagrant/.rvm/gems/ruby-2.1.0/specifications/mime-types-2.4.3.gemspec
I, [2015-04-23T04:01:27.316613 #3548]  INFO -- : 0:  mail (2.6.3) from /home/vagrant/.rvm/gems/ruby-2.1.0/specifications/mail-2.6.3.gemspec
I, [2015-04-23T04:01:27.317182 #3548]  INFO -- : 0:  actionmailer (4.2.1) from /home/vagrant/.rvm/gems/ruby-2.1.0/specifications/actionmailer-4.2.1.gemspec
I, [2015-04-23T04:01:27.317699 #3548]  INFO -- : 0:  activemodel (4.2.1) from /home/vagrant/.rvm/gems/ruby-2.1.0/specifications/activemodel-4.2.1.gemspec
I, [2015-04-23T04:01:27.318304 #3548]  INFO -- : 0:  arel (6.0.0) from /home/vagrant/.rvm/gems/ruby-2.1.0/specifications/arel-6.0.0.gemspec
I, [2015-04-23T04:01:27.318807 #3548]  INFO -- : 0:  activerecord (4.2.1) from /home/vagrant/.rvm/gems/ruby-2.1.0/specifications/activerecord-4.2.1.gemspec
I, [2015-04-23T04:01:27.319335 #3548]  INFO -- : 0:  debug_inspector (0.0.2) from /home/vagrant/.rvm/gems/ruby-2.1.0@global/specifications/debug_inspector-0.0.2.gemspec
I, [2015-04-23T04:01:27.319849 #3548]  INFO -- : 0:  binding_of_caller (0.7.2) from /home/vagrant/.rvm/gems/ruby-2.1.0@global/specifications/binding_of_caller-0.7.2.gemspec
I, [2015-04-23T04:01:27.320129 #3548]  INFO -- : 0:  bundler (1.5.0) from /home/vagrant/.rvm/gems/ruby-2.1.0@global/specifications/bundler-1.5.0.gemspec
I, [2015-04-23T04:01:27.320631 #3548]  INFO -- : 0:  columnize (0.9.0) from /home/vagrant/.rvm/gems/ruby-2.1.0/specifications/columnize-0.9.0.gemspec
I, [2015-04-23T04:01:27.321181 #3548]  INFO -- : 0:  byebug (4.0.5) from /home/vagrant/.rvm/gems/ruby-2.1.0/specifications/byebug-4.0.5.gemspec
I, [2015-04-23T04:01:27.321723 #3548]  INFO -- : 0:  coffee-script-source (1.9.1.1) from /home/vagrant/.rvm/gems/ruby-2.1.0/specifications/coffee-script-source-1.9.1.1.gemspec
I, [2015-04-23T04:01:27.322263 #3548]  INFO -- : 0:  execjs (2.5.2) from /home/vagrant/.rvm/gems/ruby-2.1.0/specifications/execjs-2.5.2.gemspec
I, [2015-04-23T04:01:27.322850 #3548]  INFO -- : 0:  coffee-script (2.4.1) from /home/vagrant/.rvm/gems/ruby-2.1.0/specifications/coffee-script-2.4.1.gemspec
I, [2015-04-23T04:01:27.323384 #3548]  INFO -- : 0:  thor (0.19.1) from /home/vagrant/.rvm/gems/ruby-2.1.0/specifications/thor-0.19.1.gemspec
I, [2015-04-23T04:01:27.323933 #3548]  INFO -- : 0:  railties (4.2.1) from /home/vagrant/.rvm/gems/ruby-2.1.0/specifications/railties-4.2.1.gemspec
I, [2015-04-23T04:01:27.324173 #3548]  INFO -- : 0:  coffee-rails (4.1.0) from /home/vagrant/.rvm/gems/ruby-2.1.0/specifications/coffee-rails-4.1.0.gemspec
I, [2015-04-23T04:01:27.324712 #3548]  INFO -- : 0:  multi_json (1.11.0) from /home/vagrant/.rvm/gems/ruby-2.1.0/specifications/multi_json-1.11.0.gemspec
I, [2015-04-23T04:01:27.325222 #3548]  INFO -- : 0:  jbuilder (2.2.13) from /home/vagrant/.rvm/gems/ruby-2.1.0/specifications/jbuilder-2.2.13.gemspec
I, [2015-04-23T04:01:27.325896 #3548]  INFO -- : 0:  jquery-rails (4.0.3) from /home/vagrant/.rvm/gems/ruby-2.1.0/specifications/jquery-rails-4.0.3.gemspec
I, [2015-04-23T04:01:27.326428 #3548]  INFO -- : 0:  sprockets (3.0.1) from /home/vagrant/.rvm/gems/ruby-2.1.0/specifications/sprockets-3.0.1.gemspec
I, [2015-04-23T04:01:27.326960 #3548]  INFO -- : 0:  sprockets-rails (2.2.4) from /home/vagrant/.rvm/gems/ruby-2.1.0/specifications/sprockets-rails-2.2.4.gemspec
I, [2015-04-23T04:01:27.327731 #3548]  INFO -- : 0:  rails (4.2.1) from /home/vagrant/.rvm/gems/ruby-2.1.0/specifications/rails-4.2.1.gemspec
I, [2015-04-23T04:01:27.328884 #3548]  INFO -- : 0:  rdoc (4.2.0) from /home/vagrant/.rvm/gems/ruby-2.1.0/specifications/rdoc-4.2.0.gemspec
I, [2015-04-23T04:01:27.329404 #3548]  INFO -- : 0:  sass (3.4.13) from /home/vagrant/.rvm/gems/ruby-2.1.0/specifications/sass-3.4.13.gemspec
I, [2015-04-23T04:01:27.329933 #3548]  INFO -- : 0:  tilt (1.4.1) from /home/vagrant/.rvm/gems/ruby-2.1.0/specifications/tilt-1.4.1.gemspec
I, [2015-04-23T04:01:27.330471 #3548]  INFO -- : 0:  sass-rails (5.0.3) from /home/vagrant/.rvm/gems/ruby-2.1.0/specifications/sass-rails-5.0.3.gemspec
I, [2015-04-23T04:01:27.331000 #3548]  INFO -- : 0:  sdoc (0.4.1) from /home/vagrant/.rvm/gems/ruby-2.1.0/specifications/sdoc-0.4.1.gemspec
I, [2015-04-23T04:01:27.331529 #3548]  INFO -- : 0:  spring (1.3.4) from /home/vagrant/.rvm/gems/ruby-2.1.0/specifications/spring-1.3.4.gemspec
I, [2015-04-23T04:01:27.332052 #3548]  INFO -- : 0:  sqlite3 (1.3.10) from /home/vagrant/.rvm/gems/ruby-2.1.0/specifications/sqlite3-1.3.10.gemspec
I, [2015-04-23T04:01:27.332578 #3548]  INFO -- : 0:  turbolinks (2.5.3) from /home/vagrant/.rvm/gems/ruby-2.1.0/specifications/turbolinks-2.5.3.gemspec
I, [2015-04-23T04:01:27.333172 #3548]  INFO -- : 0:  uglifier (2.7.1) from /home/vagrant/.rvm/gems/ruby-2.1.0/specifications/uglifier-2.7.1.gemspec
I, [2015-04-23T04:01:27.333923 #3548]  INFO -- : 0:  web-console (2.1.2) from /home/vagrant/.rvm/gems/ruby-2.1.0/specifications/web-console-2.1.2.gemspec
I, [2015-04-23T04:02:12.242441 #3569]  INFO -- : 0:  rake (10.4.2) from /home/vagrant/.rvm/gems/ruby-2.1.0/specifications/rake-10.4.2.gemspec
I, [2015-04-23T04:02:12.243834 #3569]  INFO -- : 0:  i18n (0.7.0) from /home/vagrant/.rvm/gems/ruby-2.1.0/specifications/i18n-0.7.0.gemspec
I, [2015-04-23T04:02:12.245082 #3569]  INFO -- : 0:  json (1.8.2) from /home/vagrant/.rvm/gems/ruby-2.1.0/specifications/json-1.8.2.gemspec
I, [2015-04-23T04:02:12.246195 #3569]  INFO -- : 0:  minitest (5.6.0) from /home/vagrant/.rvm/gems/ruby-2.1.0/specifications/minitest-5.6.0.gemspec
I, [2015-04-23T04:02:12.247588 #3569]  INFO -- : 0:  thread_safe (0.3.5) from /home/vagrant/.rvm/gems/ruby-2.1.0/specifications/thread_safe-0.3.5.gemspec
I, [2015-04-23T04:02:12.248906 #3569]  INFO -- : 0:  tzinfo (1.2.2) from /home/vagrant/.rvm/gems/ruby-2.1.0/specifications/tzinfo-1.2.2.gemspec
I, [2015-04-23T04:02:12.250156 #3569]  INFO -- : 0:  activesupport (4.2.1) from /home/vagrant/.rvm/gems/ruby-2.1.0/specifications/activesupport-4.2.1.gemspec
I, [2015-04-23T04:02:12.251360 #3569]  INFO -- : 0:  builder (3.2.2) from /home/vagrant/.rvm/gems/ruby-2.1.0/specifications/builder-3.2.2.gemspec
I, [2015-04-23T04:02:12.252488 #3569]  INFO -- : 0:  erubis (2.7.0) from /home/vagrant/.rvm/gems/ruby-2.1.0/specifications/erubis-2.7.0.gemspec
I, [2015-04-23T04:02:12.253795 #3569]  INFO -- : 0:  mini_portile (0.6.2) from /home/vagrant/.rvm/gems/ruby-2.1.0/specifications/mini_portile-0.6.2.gemspec
I, [2015-04-23T04:02:12.254942 #3569]  INFO -- : 0:  nokogiri (1.6.6.2) from /home/vagrant/.rvm/gems/ruby-2.1.0/specifications/nokogiri-1.6.6.2.gemspec
I, [2015-04-23T04:02:12.256158 #3569]  INFO -- : 0:  rails-deprecated_sanitizer (1.0.3) from /home/vagrant/.rvm/gems/ruby-2.1.0/specifications/rails-deprecated_sanitizer-1.0.3.gemspec
I, [2015-04-23T04:02:12.257775 #3569]  INFO -- : 0:  rails-dom-testing (1.0.6) from /home/vagrant/.rvm/gems/ruby-2.1.0/specifications/rails-dom-testing-1.0.6.gemspec
I, [2015-04-23T04:02:12.258860 #3569]  INFO -- : 0:  loofah (2.0.1) from /home/vagrant/.rvm/gems/ruby-2.1.0/specifications/loofah-2.0.1.gemspec
I, [2015-04-23T04:02:12.260779 #3569]  INFO -- : 0:  rails-html-sanitizer (1.0.2) from /home/vagrant/.rvm/gems/ruby-2.1.0/specifications/rails-html-sanitizer-1.0.2.gemspec
I, [2015-04-23T04:02:12.261839 #3569]  INFO -- : 0:  actionview (4.2.1) from /home/vagrant/.rvm/gems/ruby-2.1.0/specifications/actionview-4.2.1.gemspec
I, [2015-04-23T04:02:12.262866 #3569]  INFO -- : 0:  rack (1.6.0) from /home/vagrant/.rvm/gems/ruby-2.1.0/specifications/rack-1.6.0.gemspec
I, [2015-04-23T04:02:12.264366 #3569]  INFO -- : 0:  rack-test (0.6.3) from /home/vagrant/.rvm/gems/ruby-2.1.0/specifications/rack-test-0.6.3.gemspec
I, [2015-04-23T04:02:12.266136 #3569]  INFO -- : 0:  actionpack (4.2.1) from /home/vagrant/.rvm/gems/ruby-2.1.0/specifications/actionpack-4.2.1.gemspec
I, [2015-04-23T04:02:12.268717 #3569]  INFO -- : 0:  globalid (0.3.5) from /home/vagrant/.rvm/gems/ruby-2.1.0/specifications/globalid-0.3.5.gemspec
I, [2015-04-23T04:02:12.270714 #3569]  INFO -- : 0:  activejob (4.2.1) from /home/vagrant/.rvm/gems/ruby-2.1.0/specifications/activejob-4.2.1.gemspec
I, [2015-04-23T04:02:12.272096 #3569]  INFO -- : 0:  mime-types (2.4.3) from /home/vagrant/.rvm/gems/ruby-2.1.0/specifications/mime-types-2.4.3.gemspec
I, [2015-04-23T04:02:12.273287 #3569]  INFO -- : 0:  mail (2.6.3) from /home/vagrant/.rvm/gems/ruby-2.1.0/specifications/mail-2.6.3.gemspec
I, [2015-04-23T04:02:12.274410 #3569]  INFO -- : 0:  actionmailer (4.2.1) from /home/vagrant/.rvm/gems/ruby-2.1.0/specifications/actionmailer-4.2.1.gemspec
I, [2015-04-23T04:02:12.275621 #3569]  INFO -- : 0:  activemodel (4.2.1) from /home/vagrant/.rvm/gems/ruby-2.1.0/specifications/activemodel-4.2.1.gemspec
I, [2015-04-23T04:02:12.276706 #3569]  INFO -- : 0:  arel (6.0.0) from /home/vagrant/.rvm/gems/ruby-2.1.0/specifications/arel-6.0.0.gemspec
I, [2015-04-23T04:02:12.278203 #3569]  INFO -- : 0:  activerecord (4.2.1) from /home/vagrant/.rvm/gems/ruby-2.1.0/specifications/activerecord-4.2.1.gemspec
I, [2015-04-23T04:02:12.279435 #3569]  INFO -- : 0:  bcrypt (3.1.10) from /home/vagrant/.rvm/gems/ruby-2.1.0/specifications/bcrypt-3.1.10.gemspec
I, [2015-04-23T04:02:12.280742 #3569]  INFO -- : 0:  debug_inspector (0.0.2) from /home/vagrant/.rvm/gems/ruby-2.1.0@global/specifications/debug_inspector-0.0.2.gemspec
I, [2015-04-23T04:02:12.281982 #3569]  INFO -- : 0:  binding_of_caller (0.7.2) from /home/vagrant/.rvm/gems/ruby-2.1.0@global/specifications/binding_of_caller-0.7.2.gemspec
I, [2015-04-23T04:02:12.284094 #3569]  INFO -- : 0:  bundler (1.5.0) from /home/vagrant/.rvm/gems/ruby-2.1.0@global/specifications/bundler-1.5.0.gemspec
I, [2015-04-23T04:02:12.285690 #3569]  INFO -- : 0:  columnize (0.9.0) from /home/vagrant/.rvm/gems/ruby-2.1.0/specifications/columnize-0.9.0.gemspec
I, [2015-04-23T04:02:12.287108 #3569]  INFO -- : 0:  byebug (4.0.5) from /home/vagrant/.rvm/gems/ruby-2.1.0/specifications/byebug-4.0.5.gemspec
I, [2015-04-23T04:02:12.288223 #3569]  INFO -- : 0:  climate_control (0.0.3) from /home/vagrant/.rvm/gems/ruby-2.1.0/specifications/climate_control-0.0.3.gemspec
I, [2015-04-23T04:02:12.289374 #3569]  INFO -- : 0:  cocaine (0.5.7) from /home/vagrant/.rvm/gems/ruby-2.1.0/specifications/cocaine-0.5.7.gemspec
I, [2015-04-23T04:02:12.290647 #3569]  INFO -- : 0:  coffee-script-source (1.9.1.1) from /home/vagrant/.rvm/gems/ruby-2.1.0/specifications/coffee-script-source-1.9.1.1.gemspec
I, [2015-04-23T04:02:12.293203 #3569]  INFO -- : 0:  execjs (2.5.2) from /home/vagrant/.rvm/gems/ruby-2.1.0/specifications/execjs-2.5.2.gemspec
I, [2015-04-23T04:02:12.295205 #3569]  INFO -- : 0:  coffee-script (2.4.1) from /home/vagrant/.rvm/gems/ruby-2.1.0/specifications/coffee-script-2.4.1.gemspec
I, [2015-04-23T04:02:12.296443 #3569]  INFO -- : 0:  thor (0.19.1) from /home/vagrant/.rvm/gems/ruby-2.1.0/specifications/thor-0.19.1.gemspec
I, [2015-04-23T04:02:12.298255 #3569]  INFO -- : 0:  railties (4.2.1) from /home/vagrant/.rvm/gems/ruby-2.1.0/specifications/railties-4.2.1.gemspec
I, [2015-04-23T04:02:12.299936 #3569]  INFO -- : 0:  coffee-rails (4.1.0) from /home/vagrant/.rvm/gems/ruby-2.1.0/specifications/coffee-rails-4.1.0.gemspec
I, [2015-04-23T04:02:12.301521 #3569]  INFO -- : 0:  orm_adapter (0.5.0) from /home/vagrant/.rvm/gems/ruby-2.1.0@global/specifications/orm_adapter-0.5.0.gemspec
I, [2015-04-23T04:02:12.302864 #3569]  INFO -- : 0:  responders (2.1.0) from /home/vagrant/.rvm/gems/ruby-2.1.0/specifications/responders-2.1.0.gemspec
I, [2015-04-23T04:02:12.304860 #3569]  INFO -- : 0:  warden (1.2.3) from /home/vagrant/.rvm/gems/ruby-2.1.0/specifications/warden-1.2.3.gemspec
I, [2015-04-23T04:02:12.306924 #3569]  INFO -- : 0:  devise (3.4.1) from /home/vagrant/.rvm/gems/ruby-2.1.0/specifications/devise-3.4.1.gemspec
I, [2015-04-23T04:02:12.308624 #3569]  INFO -- : 0:  multi_json (1.11.0) from /home/vagrant/.rvm/gems/ruby-2.1.0/specifications/multi_json-1.11.0.gemspec
I, [2015-04-23T04:02:12.310450 #3569]  INFO -- : 0:  jbuilder (2.2.13) from /home/vagrant/.rvm/gems/ruby-2.1.0/specifications/jbuilder-2.2.13.gemspec
I, [2015-04-23T04:02:12.311559 #3569]  INFO -- : 0:  jquery-rails (4.0.3) from /home/vagrant/.rvm/gems/ruby-2.1.0/specifications/jquery-rails-4.0.3.gemspec
I, [2015-04-23T04:02:12.312634 #3569]  INFO -- : 0:  paperclip (4.2.1) from /home/vagrant/.rvm/gems/ruby-2.1.0/specifications/paperclip-4.2.1.gemspec
I, [2015-04-23T04:02:12.313714 #3569]  INFO -- : 0:  sprockets (3.0.1) from /home/vagrant/.rvm/gems/ruby-2.1.0/specifications/sprockets-3.0.1.gemspec
I, [2015-04-23T04:02:12.314844 #3569]  INFO -- : 0:  sprockets-rails (2.2.4) from /home/vagrant/.rvm/gems/ruby-2.1.0/specifications/sprockets-rails-2.2.4.gemspec
I, [2015-04-23T04:02:12.317910 #3569]  INFO -- : 0:  rails (4.2.1) from /home/vagrant/.rvm/gems/ruby-2.1.0/specifications/rails-4.2.1.gemspec
I, [2015-04-23T04:02:12.319252 #3569]  INFO -- : 0:  rdoc (4.2.0) from /home/vagrant/.rvm/gems/ruby-2.1.0/specifications/rdoc-4.2.0.gemspec
I, [2015-04-23T04:02:12.320747 #3569]  INFO -- : 0:  sass (3.4.13) from /home/vagrant/.rvm/gems/ruby-2.1.0/specifications/sass-3.4.13.gemspec
I, [2015-04-23T04:02:12.322202 #3569]  INFO -- : 0:  tilt (1.4.1) from /home/vagrant/.rvm/gems/ruby-2.1.0/specifications/tilt-1.4.1.gemspec
I, [2015-04-23T04:02:12.323401 #3569]  INFO -- : 0:  sass-rails (5.0.3) from /home/vagrant/.rvm/gems/ruby-2.1.0/specifications/sass-rails-5.0.3.gemspec
I, [2015-04-23T04:02:12.324907 #3569]  INFO -- : 0:  sdoc (0.4.1) from /home/vagrant/.rvm/gems/ruby-2.1.0/specifications/sdoc-0.4.1.gemspec
I, [2015-04-23T04:02:12.326412 #3569]  INFO -- : 0:  spring (1.3.4) from /home/vagrant/.rvm/gems/ruby-2.1.0/specifications/spring-1.3.4.gemspec
I, [2015-04-23T04:02:12.328634 #3569]  INFO -- : 0:  sqlite3 (1.3.10) from /home/vagrant/.rvm/gems/ruby-2.1.0/specifications/sqlite3-1.3.10.gemspec
I, [2015-04-23T04:02:12.330256 #3569]  INFO -- : 0:  turbolinks (2.5.3) from /home/vagrant/.rvm/gems/ruby-2.1.0/specifications/turbolinks-2.5.3.gemspec
I, [2015-04-23T04:02:12.331837 #3569]  INFO -- : 0:  uglifier (2.7.1) from /home/vagrant/.rvm/gems/ruby-2.1.0/specifications/uglifier-2.7.1.gemspec
I, [2015-04-23T04:02:12.333132 #3569]  INFO -- : 0:  web-console (2.1.2) from /home/vagrant/.rvm/gems/ruby-2.1.0/specifications/web-console-2.1.2.gemspec
I, [2015-04-24T07:04:24.231225 #3808]  INFO -- : 0:  rake (10.4.2) from /home/vagrant/.rvm/gems/ruby-2.1.0/specifications/rake-10.4.2.gemspec
I, [2015-04-24T07:04:24.251734 #3808]  INFO -- : 0:  i18n (0.7.0) from /home/vagrant/.rvm/gems/ruby-2.1.0/specifications/i18n-0.7.0.gemspec
I, [2015-04-24T07:04:24.253190 #3808]  INFO -- : 0:  json (1.8.2) from /home/vagrant/.rvm/gems/ruby-2.1.0/specifications/json-1.8.2.gemspec
I, [2015-04-24T07:04:24.254486 #3808]  INFO -- : 0:  minitest (5.6.0) from /home/vagrant/.rvm/gems/ruby-2.1.0/specifications/minitest-5.6.0.gemspec
I, [2015-04-24T07:04:24.255806 #3808]  INFO -- : 0:  thread_safe (0.3.5) from /home/vagrant/.rvm/gems/ruby-2.1.0/specifications/thread_safe-0.3.5.gemspec
I, [2015-04-24T07:04:24.257691 #3808]  INFO -- : 0:  tzinfo (1.2.2) from /home/vagrant/.rvm/gems/ruby-2.1.0/specifications/tzinfo-1.2.2.gemspec
I, [2015-04-24T07:04:24.261378 #3808]  INFO -- : 0:  activesupport (4.2.1) from /home/vagrant/.rvm/gems/ruby-2.1.0/specifications/activesupport-4.2.1.gemspec
I, [2015-04-24T07:04:24.263981 #3808]  INFO -- : 0:  builder (3.2.2) from /home/vagrant/.rvm/gems/ruby-2.1.0/specifications/builder-3.2.2.gemspec
I, [2015-04-24T07:04:24.266839 #3808]  INFO -- : 0:  erubis (2.7.0) from /home/vagrant/.rvm/gems/ruby-2.1.0/specifications/erubis-2.7.0.gemspec
I, [2015-04-24T07:04:24.269279 #3808]  INFO -- : 0:  mini_portile (0.6.2) from /home/vagrant/.rvm/gems/ruby-2.1.0/specifications/mini_portile-0.6.2.gemspec
I, [2015-04-24T07:04:24.273474 #3808]  INFO -- : 0:  nokogiri (1.6.6.2) from /home/vagrant/.rvm/gems/ruby-2.1.0/specifications/nokogiri-1.6.6.2.gemspec
I, [2015-04-24T07:04:24.276724 #3808]  INFO -- : 0:  rails-deprecated_sanitizer (1.0.3) from /home/vagrant/.rvm/gems/ruby-2.1.0/specifications/rails-deprecated_sanitizer-1.0.3.gemspec
I, [2015-04-24T07:04:24.278422 #3808]  INFO -- : 0:  rails-dom-testing (1.0.6) from /home/vagrant/.rvm/gems/ruby-2.1.0/specifications/rails-dom-testing-1.0.6.gemspec
I, [2015-04-24T07:04:24.279592 #3808]  INFO -- : 0:  loofah (2.0.1) from /home/vagrant/.rvm/gems/ruby-2.1.0/specifications/loofah-2.0.1.gemspec
I, [2015-04-24T07:04:24.281142 #3808]  INFO -- : 0:  rails-html-sanitizer (1.0.2) from /home/vagrant/.rvm/gems/ruby-2.1.0/specifications/rails-html-sanitizer-1.0.2.gemspec
I, [2015-04-24T07:04:24.283318 #3808]  INFO -- : 0:  actionview (4.2.1) from /home/vagrant/.rvm/gems/ruby-2.1.0/specifications/actionview-4.2.1.gemspec
I, [2015-04-24T07:04:24.285481 #3808]  INFO -- : 0:  rack (1.6.0) from /home/vagrant/.rvm/gems/ruby-2.1.0/specifications/rack-1.6.0.gemspec
I, [2015-04-24T07:04:24.286976 #3808]  INFO -- : 0:  rack-test (0.6.3) from /home/vagrant/.rvm/gems/ruby-2.1.0/specifications/rack-test-0.6.3.gemspec
I, [2015-04-24T07:04:24.291647 #3808]  INFO -- : 0:  actionpack (4.2.1) from /home/vagrant/.rvm/gems/ruby-2.1.0/specifications/actionpack-4.2.1.gemspec
I, [2015-04-24T07:04:24.295532 #3808]  INFO -- : 0:  globalid (0.3.5) from /home/vagrant/.rvm/gems/ruby-2.1.0/specifications/globalid-0.3.5.gemspec
I, [2015-04-24T07:04:24.297495 #3808]  INFO -- : 0:  activejob (4.2.1) from /home/vagrant/.rvm/gems/ruby-2.1.0/specifications/activejob-4.2.1.gemspec
I, [2015-04-24T07:04:24.299932 #3808]  INFO -- : 0:  mime-types (2.4.3) from /home/vagrant/.rvm/gems/ruby-2.1.0/specifications/mime-types-2.4.3.gemspec
I, [2015-04-24T07:04:24.302418 #3808]  INFO -- : 0:  mail (2.6.3) from /home/vagrant/.rvm/gems/ruby-2.1.0/specifications/mail-2.6.3.gemspec
I, [2015-04-24T07:04:24.304101 #3808]  INFO -- : 0:  actionmailer (4.2.1) from /home/vagrant/.rvm/gems/ruby-2.1.0/specifications/actionmailer-4.2.1.gemspec
I, [2015-04-24T07:04:24.305649 #3808]  INFO -- : 0:  activemodel (4.2.1) from /home/vagrant/.rvm/gems/ruby-2.1.0/specifications/activemodel-4.2.1.gemspec
I, [2015-04-24T07:04:24.307458 #3808]  INFO -- : 0:  arel (6.0.0) from /home/vagrant/.rvm/gems/ruby-2.1.0/specifications/arel-6.0.0.gemspec
I, [2015-04-24T07:04:24.309239 #3808]  INFO -- : 0:  activerecord (4.2.1) from /home/vagrant/.rvm/gems/ruby-2.1.0/specifications/activerecord-4.2.1.gemspec
I, [2015-04-24T07:04:24.311660 #3808]  INFO -- : 0:  multi_json (1.11.0) from /home/vagrant/.rvm/gems/ruby-2.1.0/specifications/multi_json-1.11.0.gemspec
I, [2015-04-24T07:04:26.760708 #3808]  INFO -- : 0:  jmespath (1.0.2) from /home/vagrant/.rvm/gems/ruby-2.1.0/specifications/jmespath-1.0.2.gemspec
I, [2015-04-24T07:04:31.440045 #3808]  INFO -- : 0:  aws-sdk-core (2.0.40) from /home/vagrant/.rvm/gems/ruby-2.1.0/specifications/aws-sdk-core-2.0.40.gemspec
I, [2015-04-24T07:04:34.064168 #3808]  INFO -- : 0:  aws-sdk-resources (2.0.40) from /home/vagrant/.rvm/gems/ruby-2.1.0/specifications/aws-sdk-resources-2.0.40.gemspec
I, [2015-04-24T07:04:36.805912 #3808]  INFO -- : 0:  aws-sdk (2.0.40) from /home/vagrant/.rvm/gems/ruby-2.1.0/specifications/aws-sdk-2.0.40.gemspec
I, [2015-04-24T07:04:36.807165 #3808]  INFO -- : 0:  bcrypt (3.1.10) from /home/vagrant/.rvm/gems/ruby-2.1.0/specifications/bcrypt-3.1.10.gemspec
I, [2015-04-24T07:04:36.808352 #3808]  INFO -- : 0:  debug_inspector (0.0.2) from /home/vagrant/.rvm/gems/ruby-2.1.0@global/specifications/debug_inspector-0.0.2.gemspec
I, [2015-04-24T07:04:36.809598 #3808]  INFO -- : 0:  binding_of_caller (0.7.2) from /home/vagrant/.rvm/gems/ruby-2.1.0@global/specifications/binding_of_caller-0.7.2.gemspec
I, [2015-04-24T07:04:36.810776 #3808]  INFO -- : 0:  bundler (1.5.0) from /home/vagrant/.rvm/gems/ruby-2.1.0@global/specifications/bundler-1.5.0.gemspec
I, [2015-04-24T07:04:36.812037 #3808]  INFO -- : 0:  columnize (0.9.0) from /home/vagrant/.rvm/gems/ruby-2.1.0/specifications/columnize-0.9.0.gemspec
I, [2015-04-24T07:04:36.813368 #3808]  INFO -- : 0:  byebug (4.0.5) from /home/vagrant/.rvm/gems/ruby-2.1.0/specifications/byebug-4.0.5.gemspec
I, [2015-04-24T07:04:36.814663 #3808]  INFO -- : 0:  climate_control (0.0.3) from /home/vagrant/.rvm/gems/ruby-2.1.0/specifications/climate_control-0.0.3.gemspec
I, [2015-04-24T07:04:36.816000 #3808]  INFO -- : 0:  cocaine (0.5.7) from /home/vagrant/.rvm/gems/ruby-2.1.0/specifications/cocaine-0.5.7.gemspec
I, [2015-04-24T07:04:36.817502 #3808]  INFO -- : 0:  coffee-script-source (1.9.1.1) from /home/vagrant/.rvm/gems/ruby-2.1.0/specifications/coffee-script-source-1.9.1.1.gemspec
I, [2015-04-24T07:04:36.819610 #3808]  INFO -- : 0:  execjs (2.5.2) from /home/vagrant/.rvm/gems/ruby-2.1.0/specifications/execjs-2.5.2.gemspec
I, [2015-04-24T07:04:36.821743 #3808]  INFO -- : 0:  coffee-script (2.4.1) from /home/vagrant/.rvm/gems/ruby-2.1.0/specifications/coffee-script-2.4.1.gemspec
I, [2015-04-24T07:04:36.823476 #3808]  INFO -- : 0:  thor (0.19.1) from /home/vagrant/.rvm/gems/ruby-2.1.0/specifications/thor-0.19.1.gemspec
I, [2015-04-24T07:04:36.824761 #3808]  INFO -- : 0:  railties (4.2.1) from /home/vagrant/.rvm/gems/ruby-2.1.0/specifications/railties-4.2.1.gemspec
I, [2015-04-24T07:04:36.826039 #3808]  INFO -- : 0:  coffee-rails (4.1.0) from /home/vagrant/.rvm/gems/ruby-2.1.0/specifications/coffee-rails-4.1.0.gemspec
I, [2015-04-24T07:04:36.827292 #3808]  INFO -- : 0:  orm_adapter (0.5.0) from /home/vagrant/.rvm/gems/ruby-2.1.0@global/specifications/orm_adapter-0.5.0.gemspec
I, [2015-04-24T07:04:36.828573 #3808]  INFO -- : 0:  responders (2.1.0) from /home/vagrant/.rvm/gems/ruby-2.1.0/specifications/responders-2.1.0.gemspec
I, [2015-04-24T07:04:36.829762 #3808]  INFO -- : 0:  warden (1.2.3) from /home/vagrant/.rvm/gems/ruby-2.1.0/specifications/warden-1.2.3.gemspec
I, [2015-04-24T07:04:36.830908 #3808]  INFO -- : 0:  devise (3.4.1) from /home/vagrant/.rvm/gems/ruby-2.1.0/specifications/devise-3.4.1.gemspec
I, [2015-04-24T07:04:36.832030 #3808]  INFO -- : 0:  jbuilder (2.2.13) from /home/vagrant/.rvm/gems/ruby-2.1.0/specifications/jbuilder-2.2.13.gemspec
I, [2015-04-24T07:04:36.833088 #3808]  INFO -- : 0:  jquery-rails (4.0.3) from /home/vagrant/.rvm/gems/ruby-2.1.0/specifications/jquery-rails-4.0.3.gemspec
I, [2015-04-24T07:04:36.834112 #3808]  INFO -- : 0:  paperclip (4.2.1) from /home/vagrant/.rvm/gems/ruby-2.1.0/specifications/paperclip-4.2.1.gemspec
I, [2015-04-24T07:04:36.835566 #3808]  INFO -- : 0:  sprockets (3.0.1) from /home/vagrant/.rvm/gems/ruby-2.1.0/specifications/sprockets-3.0.1.gemspec
I, [2015-04-24T07:04:36.836671 #3808]  INFO -- : 0:  sprockets-rails (2.2.4) from /home/vagrant/.rvm/gems/ruby-2.1.0/specifications/sprockets-rails-2.2.4.gemspec
I, [2015-04-24T07:04:36.837796 #3808]  INFO -- : 0:  rails (4.2.1) from /home/vagrant/.rvm/gems/ruby-2.1.0/specifications/rails-4.2.1.gemspec
I, [2015-04-24T07:04:36.838981 #3808]  INFO -- : 0:  rdoc (4.2.0) from /home/vagrant/.rvm/gems/ruby-2.1.0/specifications/rdoc-4.2.0.gemspec
I, [2015-04-24T07:04:36.841196 #3808]  INFO -- : 0:  sass (3.4.13) from /home/vagrant/.rvm/gems/ruby-2.1.0/specifications/sass-3.4.13.gemspec
I, [2015-04-24T07:04:36.843142 #3808]  INFO -- : 0:  tilt (1.4.1) from /home/vagrant/.rvm/gems/ruby-2.1.0/specifications/tilt-1.4.1.gemspec
I, [2015-04-24T07:04:36.845296 #3808]  INFO -- : 0:  sass-rails (5.0.3) from /home/vagrant/.rvm/gems/ruby-2.1.0/specifications/sass-rails-5.0.3.gemspec
I, [2015-04-24T07:04:36.847879 #3808]  INFO -- : 0:  sdoc (0.4.1) from /home/vagrant/.rvm/gems/ruby-2.1.0/specifications/sdoc-0.4.1.gemspec
I, [2015-04-24T07:04:36.850630 #3808]  INFO -- : 0:  spring (1.3.4) from /home/vagrant/.rvm/gems/ruby-2.1.0/specifications/spring-1.3.4.gemspec
I, [2015-04-24T07:04:36.852795 #3808]  INFO -- : 0:  sqlite3 (1.3.10) from /home/vagrant/.rvm/gems/ruby-2.1.0/specifications/sqlite3-1.3.10.gemspec
I, [2015-04-24T07:04:36.857270 #3808]  INFO -- : 0:  turbolinks (2.5.3) from /home/vagrant/.rvm/gems/ruby-2.1.0/specifications/turbolinks-2.5.3.gemspec
I, [2015-04-24T07:04:36.859828 #3808]  INFO -- : 0:  uglifier (2.7.1) from /home/vagrant/.rvm/gems/ruby-2.1.0/specifications/uglifier-2.7.1.gemspec
I, [2015-04-24T07:04:36.861134 #3808]  INFO -- : 0:  web-console (2.1.2) from /home/vagrant/.rvm/gems/ruby-2.1.0/specifications/web-console-2.1.2.gemspec
I, [2015-04-24T07:07:20.009372 #3849]  INFO -- : 0:  rake (10.4.2) from /home/vagrant/.rvm/gems/ruby-2.1.0/specifications/rake-10.4.2.gemspec
I, [2015-04-24T07:07:20.012401 #3849]  INFO -- : 0:  i18n (0.7.0) from /home/vagrant/.rvm/gems/ruby-2.1.0/specifications/i18n-0.7.0.gemspec
I, [2015-04-24T07:07:20.014227 #3849]  INFO -- : 0:  json (1.8.2) from /home/vagrant/.rvm/gems/ruby-2.1.0/specifications/json-1.8.2.gemspec
I, [2015-04-24T07:07:20.015911 #3849]  INFO -- : 0:  minitest (5.6.0) from /home/vagrant/.rvm/gems/ruby-2.1.0/specifications/minitest-5.6.0.gemspec
I, [2015-04-24T07:07:20.017626 #3849]  INFO -- : 0:  thread_safe (0.3.5) from /home/vagrant/.rvm/gems/ruby-2.1.0/specifications/thread_safe-0.3.5.gemspec
I, [2015-04-24T07:07:20.018879 #3849]  INFO -- : 0:  tzinfo (1.2.2) from /home/vagrant/.rvm/gems/ruby-2.1.0/specifications/tzinfo-1.2.2.gemspec
I, [2015-04-24T07:07:20.020149 #3849]  INFO -- : 0:  activesupport (4.2.1) from /home/vagrant/.rvm/gems/ruby-2.1.0/specifications/activesupport-4.2.1.gemspec
I, [2015-04-24T07:07:20.021837 #3849]  INFO -- : 0:  builder (3.2.2) from /home/vagrant/.rvm/gems/ruby-2.1.0/specifications/builder-3.2.2.gemspec
I, [2015-04-24T07:07:20.024380 #3849]  INFO -- : 0:  erubis (2.7.0) from /home/vagrant/.rvm/gems/ruby-2.1.0/specifications/erubis-2.7.0.gemspec
I, [2015-04-24T07:07:20.026802 #3849]  INFO -- : 0:  mini_portile (0.6.2) from /home/vagrant/.rvm/gems/ruby-2.1.0/specifications/mini_portile-0.6.2.gemspec
I, [2015-04-24T07:07:20.028647 #3849]  INFO -- : 0:  nokogiri (1.6.6.2) from /home/vagrant/.rvm/gems/ruby-2.1.0/specifications/nokogiri-1.6.6.2.gemspec
I, [2015-04-24T07:07:20.030867 #3849]  INFO -- : 0:  rails-deprecated_sanitizer (1.0.3) from /home/vagrant/.rvm/gems/ruby-2.1.0/specifications/rails-deprecated_sanitizer-1.0.3.gemspec
I, [2015-04-24T07:07:20.032287 #3849]  INFO -- : 0:  rails-dom-testing (1.0.6) from /home/vagrant/.rvm/gems/ruby-2.1.0/specifications/rails-dom-testing-1.0.6.gemspec
I, [2015-04-24T07:07:20.034030 #3849]  INFO -- : 0:  loofah (2.0.1) from /home/vagrant/.rvm/gems/ruby-2.1.0/specifications/loofah-2.0.1.gemspec
I, [2015-04-24T07:07:20.035304 #3849]  INFO -- : 0:  rails-html-sanitizer (1.0.2) from /home/vagrant/.rvm/gems/ruby-2.1.0/specifications/rails-html-sanitizer-1.0.2.gemspec
I, [2015-04-24T07:07:20.036429 #3849]  INFO -- : 0:  actionview (4.2.1) from /home/vagrant/.rvm/gems/ruby-2.1.0/specifications/actionview-4.2.1.gemspec
I, [2015-04-24T07:07:20.037593 #3849]  INFO -- : 0:  rack (1.6.0) from /home/vagrant/.rvm/gems/ruby-2.1.0/specifications/rack-1.6.0.gemspec
I, [2015-04-24T07:07:20.038862 #3849]  INFO -- : 0:  rack-test (0.6.3) from /home/vagrant/.rvm/gems/ruby-2.1.0/specifications/rack-test-0.6.3.gemspec
I, [2015-04-24T07:07:20.040012 #3849]  INFO -- : 0:  actionpack (4.2.1) from /home/vagrant/.rvm/gems/ruby-2.1.0/specifications/actionpack-4.2.1.gemspec
I, [2015-04-24T07:07:20.041151 #3849]  INFO -- : 0:  globalid (0.3.5) from /home/vagrant/.rvm/gems/ruby-2.1.0/specifications/globalid-0.3.5.gemspec
I, [2015-04-24T07:07:20.042296 #3849]  INFO -- : 0:  activejob (4.2.1) from /home/vagrant/.rvm/gems/ruby-2.1.0/specifications/activejob-4.2.1.gemspec
I, [2015-04-24T07:07:20.043409 #3849]  INFO -- : 0:  mime-types (2.4.3) from /home/vagrant/.rvm/gems/ruby-2.1.0/specifications/mime-types-2.4.3.gemspec
I, [2015-04-24T07:07:20.044560 #3849]  INFO -- : 0:  mail (2.6.3) from /home/vagrant/.rvm/gems/ruby-2.1.0/specifications/mail-2.6.3.gemspec
I, [2015-04-24T07:07:20.045722 #3849]  INFO -- : 0:  actionmailer (4.2.1) from /home/vagrant/.rvm/gems/ruby-2.1.0/specifications/actionmailer-4.2.1.gemspec
I, [2015-04-24T07:07:20.046825 #3849]  INFO -- : 0:  activemodel (4.2.1) from /home/vagrant/.rvm/gems/ruby-2.1.0/specifications/activemodel-4.2.1.gemspec
I, [2015-04-24T07:07:20.048967 #3849]  INFO -- : 0:  arel (6.0.0) from /home/vagrant/.rvm/gems/ruby-2.1.0/specifications/arel-6.0.0.gemspec
I, [2015-04-24T07:07:20.051466 #3849]  INFO -- : 0:  activerecord (4.2.1) from /home/vagrant/.rvm/gems/ruby-2.1.0/specifications/activerecord-4.2.1.gemspec
I, [2015-04-24T07:07:24.577240 #3849]  INFO -- : 0:  aws-sdk-v1 (1.64.0) from /home/vagrant/.rvm/gems/ruby-2.1.0/specifications/aws-sdk-v1-1.64.0.gemspec
I, [2015-04-24T07:07:26.714038 #3849]  INFO -- : 0:  aws-sdk (1.64.0) from /home/vagrant/.rvm/gems/ruby-2.1.0/specifications/aws-sdk-1.64.0.gemspec
I, [2015-04-24T07:07:26.715430 #3849]  INFO -- : 0:  bcrypt (3.1.10) from /home/vagrant/.rvm/gems/ruby-2.1.0/specifications/bcrypt-3.1.10.gemspec
I, [2015-04-24T07:07:26.716611 #3849]  INFO -- : 0:  debug_inspector (0.0.2) from /home/vagrant/.rvm/gems/ruby-2.1.0@global/specifications/debug_inspector-0.0.2.gemspec
I, [2015-04-24T07:07:26.717943 #3849]  INFO -- : 0:  binding_of_caller (0.7.2) from /home/vagrant/.rvm/gems/ruby-2.1.0@global/specifications/binding_of_caller-0.7.2.gemspec
I, [2015-04-24T07:07:26.719346 #3849]  INFO -- : 0:  bundler (1.5.0) from /home/vagrant/.rvm/gems/ruby-2.1.0@global/specifications/bundler-1.5.0.gemspec
I, [2015-04-24T07:07:26.720649 #3849]  INFO -- : 0:  columnize (0.9.0) from /home/vagrant/.rvm/gems/ruby-2.1.0/specifications/columnize-0.9.0.gemspec
I, [2015-04-24T07:07:26.721788 #3849]  INFO -- : 0:  byebug (4.0.5) from /home/vagrant/.rvm/gems/ruby-2.1.0/specifications/byebug-4.0.5.gemspec
I, [2015-04-24T07:07:26.723052 #3849]  INFO -- : 0:  climate_control (0.0.3) from /home/vagrant/.rvm/gems/ruby-2.1.0/specifications/climate_control-0.0.3.gemspec
I, [2015-04-24T07:07:26.724382 #3849]  INFO -- : 0:  cocaine (0.5.7) from /home/vagrant/.rvm/gems/ruby-2.1.0/specifications/cocaine-0.5.7.gemspec
I, [2015-04-24T07:07:26.725680 #3849]  INFO -- : 0:  coffee-script-source (1.9.1.1) from /home/vagrant/.rvm/gems/ruby-2.1.0/specifications/coffee-script-source-1.9.1.1.gemspec
I, [2015-04-24T07:07:26.727592 #3849]  INFO -- : 0:  execjs (2.5.2) from /home/vagrant/.rvm/gems/ruby-2.1.0/specifications/execjs-2.5.2.gemspec
I, [2015-04-24T07:07:26.729902 #3849]  INFO -- : 0:  coffee-script (2.4.1) from /home/vagrant/.rvm/gems/ruby-2.1.0/specifications/coffee-script-2.4.1.gemspec
I, [2015-04-24T07:07:26.731296 #3849]  INFO -- : 0:  thor (0.19.1) from /home/vagrant/.rvm/gems/ruby-2.1.0/specifications/thor-0.19.1.gemspec
I, [2015-04-24T07:07:26.732388 #3849]  INFO -- : 0:  railties (4.2.1) from /home/vagrant/.rvm/gems/ruby-2.1.0/specifications/railties-4.2.1.gemspec
I, [2015-04-24T07:07:26.733733 #3849]  INFO -- : 0:  coffee-rails (4.1.0) from /home/vagrant/.rvm/gems/ruby-2.1.0/specifications/coffee-rails-4.1.0.gemspec
I, [2015-04-24T07:07:26.734940 #3849]  INFO -- : 0:  orm_adapter (0.5.0) from /home/vagrant/.rvm/gems/ruby-2.1.0@global/specifications/orm_adapter-0.5.0.gemspec
I, [2015-04-24T07:07:26.735899 #3849]  INFO -- : 0:  responders (2.1.0) from /home/vagrant/.rvm/gems/ruby-2.1.0/specifications/responders-2.1.0.gemspec
I, [2015-04-24T07:07:26.737202 #3849]  INFO -- : 0:  warden (1.2.3) from /home/vagrant/.rvm/gems/ruby-2.1.0/specifications/warden-1.2.3.gemspec
I, [2015-04-24T07:07:26.738364 #3849]  INFO -- : 0:  devise (3.4.1) from /home/vagrant/.rvm/gems/ruby-2.1.0/specifications/devise-3.4.1.gemspec
I, [2015-04-24T07:07:26.740208 #3849]  INFO -- : 0:  multi_json (1.11.0) from /home/vagrant/.rvm/gems/ruby-2.1.0/specifications/multi_json-1.11.0.gemspec
I, [2015-04-24T07:07:26.741302 #3849]  INFO -- : 0:  jbuilder (2.2.13) from /home/vagrant/.rvm/gems/ruby-2.1.0/specifications/jbuilder-2.2.13.gemspec
I, [2015-04-24T07:07:26.742338 #3849]  INFO -- : 0:  jquery-rails (4.0.3) from /home/vagrant/.rvm/gems/ruby-2.1.0/specifications/jquery-rails-4.0.3.gemspec
I, [2015-04-24T07:07:26.743335 #3849]  INFO -- : 0:  paperclip (4.2.1) from /home/vagrant/.rvm/gems/ruby-2.1.0/specifications/paperclip-4.2.1.gemspec
I, [2015-04-24T07:07:29.393037 #3849]  INFO -- : 0:  sprockets (3.0.2) from /home/vagrant/.rvm/gems/ruby-2.1.0/specifications/sprockets-3.0.2.gemspec
I, [2015-04-24T07:07:29.394152 #3849]  INFO -- : 0:  sprockets-rails (2.2.4) from /home/vagrant/.rvm/gems/ruby-2.1.0/specifications/sprockets-rails-2.2.4.gemspec
I, [2015-04-24T07:07:29.395236 #3849]  INFO -- : 0:  rails (4.2.1) from /home/vagrant/.rvm/gems/ruby-2.1.0/specifications/rails-4.2.1.gemspec
I, [2015-04-24T07:07:29.396313 #3849]  INFO -- : 0:  rdoc (4.2.0) from /home/vagrant/.rvm/gems/ruby-2.1.0/specifications/rdoc-4.2.0.gemspec
I, [2015-04-24T07:07:29.397295 #3849]  INFO -- : 0:  sass (3.4.13) from /home/vagrant/.rvm/gems/ruby-2.1.0/specifications/sass-3.4.13.gemspec
I, [2015-04-24T07:07:29.398319 #3849]  INFO -- : 0:  tilt (1.4.1) from /home/vagrant/.rvm/gems/ruby-2.1.0/specifications/tilt-1.4.1.gemspec
I, [2015-04-24T07:07:29.399667 #3849]  INFO -- : 0:  sass-rails (5.0.3) from /home/vagrant/.rvm/gems/ruby-2.1.0/specifications/sass-rails-5.0.3.gemspec
I, [2015-04-24T07:07:29.401182 #3849]  INFO -- : 0:  sdoc (0.4.1) from /home/vagrant/.rvm/gems/ruby-2.1.0/specifications/sdoc-0.4.1.gemspec
I, [2015-04-24T07:07:29.403112 #3849]  INFO -- : 0:  spring (1.3.4) from /home/vagrant/.rvm/gems/ruby-2.1.0/specifications/spring-1.3.4.gemspec
I, [2015-04-24T07:07:29.404675 #3849]  INFO -- : 0:  sqlite3 (1.3.10) from /home/vagrant/.rvm/gems/ruby-2.1.0/specifications/sqlite3-1.3.10.gemspec
I, [2015-04-24T07:07:29.405910 #3849]  INFO -- : 0:  turbolinks (2.5.3) from /home/vagrant/.rvm/gems/ruby-2.1.0/specifications/turbolinks-2.5.3.gemspec
I, [2015-04-24T07:07:29.407427 #3849]  INFO -- : 0:  uglifier (2.7.1) from /home/vagrant/.rvm/gems/ruby-2.1.0/specifications/uglifier-2.7.1.gemspec
I, [2015-04-24T07:07:29.408704 #3849]  INFO -- : 0:  web-console (2.1.2) from /home/vagrant/.rvm/gems/ruby-2.1.0/specifications/web-console-2.1.2.gemspec
