

Started PUT "/api/v1/items/1?auth_token=5390950c23ed471995c9244d2c6a4f9c" for 10.0.2.2 at 2015-04-20 13:37:29 +0000
Cannot render console from 10.0.2.2! Allowed networks: 127.0.0.1, ::1, 127.0.0.0/127.255.255.255
  [1m[36mActiveRecord::SchemaMigration Load (27.3ms)[0m  [1mSELECT "schema_migrations".* FROM "schema_migrations"[0m
Processing by Api::V1::ItemsController#update as */*
  Parameters: {"name"=>"Go to work", "description"=>"Buiding API", "completed"=>"false", "auth_token"=>"5390950c23ed471995c9244d2c6a4f9c", "id"=>"1"}
Can't verify CSRF token authenticity
Completed 422 Unprocessable Entity in 1ms (ActiveRecord: 0.0ms)

ActionController::InvalidAuthenticityToken (ActionController::InvalidAuthenticityToken):
  actionpack (4.2.1) lib/action_controller/metal/request_forgery_protection.rb:181:in `handle_unverified_request'
  actionpack (4.2.1) lib/action_controller/metal/request_forgery_protection.rb:209:in `handle_unverified_request'
  devise (3.4.1) lib/devise/controllers/helpers.rb:251:in `handle_unverified_request'
  actionpack (4.2.1) lib/action_controller/metal/request_forgery_protection.rb:204:in `verify_authenticity_token'
  activesupport (4.2.1) lib/active_support/callbacks.rb:432:in `block in make_lambda'
  activesupport (4.2.1) lib/active_support/callbacks.rb:164:in `call'
  activesupport (4.2.1) lib/active_support/callbacks.rb:164:in `block in halting'
  activesupport (4.2.1) lib/active_support/callbacks.rb:504:in `call'
  activesupport (4.2.1) lib/active_support/callbacks.rb:504:in `block in call'
  activesupport (4.2.1) lib/active_support/callbacks.rb:504:in `each'
  activesupport (4.2.1) lib/active_support/callbacks.rb:504:in `call'
  activesupport (4.2.1) lib/active_support/callbacks.rb:92:in `_run_callbacks'
  activesupport (4.2.1) lib/active_support/callbacks.rb:776:in `_run_process_action_callbacks'
  activesupport (4.2.1) lib/active_support/callbacks.rb:81:in `run_callbacks'
  actionpack (4.2.1) lib/abstract_controller/callbacks.rb:19:in `process_action'
  actionpack (4.2.1) lib/action_controller/metal/rescue.rb:29:in `process_action'
  actionpack (4.2.1) lib/action_controller/metal/instrumentation.rb:32:in `block in process_action'
  activesupport (4.2.1) lib/active_support/notifications.rb:164:in `block in instrument'
  activesupport (4.2.1) lib/active_support/notifications/instrumenter.rb:20:in `instrument'
  activesupport (4.2.1) lib/active_support/notifications.rb:164:in `instrument'
  actionpack (4.2.1) lib/action_controller/metal/instrumentation.rb:30:in `process_action'
  actionpack (4.2.1) lib/action_controller/metal/params_wrapper.rb:250:in `process_action'
  activerecord (4.2.1) lib/active_record/railties/controller_runtime.rb:18:in `process_action'
  actionpack (4.2.1) lib/abstract_controller/base.rb:137:in `process'
  actionview (4.2.1) lib/action_view/rendering.rb:30:in `process'
  actionpack (4.2.1) lib/action_controller/metal.rb:196:in `dispatch'
  actionpack (4.2.1) lib/action_controller/metal/rack_delegation.rb:13:in `dispatch'
  actionpack (4.2.1) lib/action_controller/metal.rb:237:in `block in action'
  actionpack (4.2.1) lib/action_dispatch/routing/route_set.rb:74:in `call'
  actionpack (4.2.1) lib/action_dispatch/routing/route_set.rb:74:in `dispatch'
  actionpack (4.2.1) lib/action_dispatch/routing/route_set.rb:43:in `serve'
  actionpack (4.2.1) lib/action_dispatch/journey/router.rb:43:in `block in serve'
  actionpack (4.2.1) lib/action_dispatch/journey/router.rb:30:in `each'
  actionpack (4.2.1) lib/action_dispatch/journey/router.rb:30:in `serve'
  actionpack (4.2.1) lib/action_dispatch/routing/route_set.rb:819:in `call'
  warden (1.2.3) lib/warden/manager.rb:35:in `block in call'
  warden (1.2.3) lib/warden/manager.rb:34:in `catch'
  warden (1.2.3) lib/warden/manager.rb:34:in `call'
  rack (1.6.0) lib/rack/etag.rb:24:in `call'
  rack (1.6.0) lib/rack/conditionalget.rb:38:in `call'
  rack (1.6.0) lib/rack/head.rb:13:in `call'
  actionpack (4.2.1) lib/action_dispatch/middleware/params_parser.rb:27:in `call'
  actionpack (4.2.1) lib/action_dispatch/middleware/flash.rb:260:in `call'
  rack (1.6.0) lib/rack/session/abstract/id.rb:225:in `context'
  rack (1.6.0) lib/rack/session/abstract/id.rb:220:in `call'
  actionpack (4.2.1) lib/action_dispatch/middleware/cookies.rb:560:in `call'
  activerecord (4.2.1) lib/active_record/query_cache.rb:36:in `call'
  activerecord (4.2.1) lib/active_record/connection_adapters/abstract/connection_pool.rb:649:in `call'
  activerecord (4.2.1) lib/active_record/migration.rb:378:in `call'
  actionpack (4.2.1) lib/action_dispatch/middleware/callbacks.rb:29:in `block in call'
  activesupport (4.2.1) lib/active_support/callbacks.rb:88:in `call'
  activesupport (4.2.1) lib/active_support/callbacks.rb:88:in `_run_callbacks'
  activesupport (4.2.1) lib/active_support/callbacks.rb:776:in `_run_call_callbacks'
  activesupport (4.2.1) lib/active_support/callbacks.rb:81:in `run_callbacks'
  actionpack (4.2.1) lib/action_dispatch/middleware/callbacks.rb:27:in `call'
  actionpack (4.2.1) lib/action_dispatch/middleware/reloader.rb:73:in `call'
  actionpack (4.2.1) lib/action_dispatch/middleware/remote_ip.rb:78:in `call'
  actionpack (4.2.1) lib/action_dispatch/middleware/debug_exceptions.rb:17:in `call'
  web-console (2.1.2) lib/web_console/middleware.rb:29:in `call'
  actionpack (4.2.1) lib/action_dispatch/middleware/show_exceptions.rb:30:in `call'
  railties (4.2.1) lib/rails/rack/logger.rb:38:in `call_app'
  railties (4.2.1) lib/rails/rack/logger.rb:20:in `block in call'
  activesupport (4.2.1) lib/active_support/tagged_logging.rb:68:in `block in tagged'
  activesupport (4.2.1) lib/active_support/tagged_logging.rb:26:in `tagged'
  activesupport (4.2.1) lib/active_support/tagged_logging.rb:68:in `tagged'
  railties (4.2.1) lib/rails/rack/logger.rb:20:in `call'
  actionpack (4.2.1) lib/action_dispatch/middleware/request_id.rb:21:in `call'
  rack (1.6.0) lib/rack/methodoverride.rb:22:in `call'
  rack (1.6.0) lib/rack/runtime.rb:18:in `call'
  activesupport (4.2.1) lib/active_support/cache/strategy/local_cache_middleware.rb:28:in `call'
  rack (1.6.0) lib/rack/lock.rb:17:in `call'
  actionpack (4.2.1) lib/action_dispatch/middleware/static.rb:113:in `call'
  rack (1.6.0) lib/rack/sendfile.rb:113:in `call'
  railties (4.2.1) lib/rails/engine.rb:518:in `call'
  railties (4.2.1) lib/rails/application.rb:164:in `call'
  rack (1.6.0) lib/rack/lock.rb:17:in `call'
  rack (1.6.0) lib/rack/content_length.rb:15:in `call'
  rack (1.6.0) lib/rack/handler/webrick.rb:89:in `service'
  /home/vagrant/.rvm/rubies/ruby-2.2.0/lib/ruby/2.2.0/webrick/httpserver.rb:138:in `service'
  /home/vagrant/.rvm/rubies/ruby-2.2.0/lib/ruby/2.2.0/webrick/httpserver.rb:94:in `run'
  /home/vagrant/.rvm/rubies/ruby-2.2.0/lib/ruby/2.2.0/webrick/server.rb:294:in `block in start_thread'


  Rendered /home/vagrant/.rvm/gems/ruby-2.2.0/gems/actionpack-4.2.1/lib/action_dispatch/middleware/templates/rescues/_source.erb (6.8ms)
  Rendered /home/vagrant/.rvm/gems/ruby-2.2.0/gems/actionpack-4.2.1/lib/action_dispatch/middleware/templates/rescues/_trace.html.erb (2.7ms)
  Rendered /home/vagrant/.rvm/gems/ruby-2.2.0/gems/actionpack-4.2.1/lib/action_dispatch/middleware/templates/rescues/_request_and_response.html.erb (57.3ms)
  Rendered /home/vagrant/.rvm/gems/ruby-2.2.0/gems/actionpack-4.2.1/lib/action_dispatch/middleware/templates/rescues/diagnostics.html.erb within rescues/layout (98.9ms)


Started PUT "/api/v1/items/1?auth_token=5390950c23ed471995c9244d2c6a4f9c" for 10.0.2.2 at 2015-04-20 13:39:44 +0000
Cannot render console from 10.0.2.2! Allowed networks: 127.0.0.1, ::1, 127.0.0.0/127.255.255.255
Processing by Api::V1::ItemsController#update as */*
  Parameters: {"name"=>"Go to work", "description"=>"Buiding API", "completed"=>"false", "auth_token"=>"5390950c23ed471995c9244d2c6a4f9c", "id"=>"1"}
  [1m[35mUser Load (81.0ms)[0m  SELECT  "users".* FROM "users" WHERE "users"."auth_token" = $1 LIMIT 1  [["auth_token", "5390950c23ed471995c9244d2c6a4f9c"]]
  [1m[36mItem Load (23.4ms)[0m  [1mSELECT  "items".* FROM "items" WHERE "items"."id" = $1 LIMIT 1[0m  [["id", 1]]
Completed 400 Bad Request in 891ms (ActiveRecord: 392.8ms)

ActionController::ParameterMissing (param is missing or the value is empty: item):
  app/controllers/api/v1/items_controller.rb:35:in `item_params'
  app/controllers/api/v1/items_controller.rb:16:in `update'


  Rendered /home/vagrant/.rvm/gems/ruby-2.2.0/gems/actionpack-4.2.1/lib/action_dispatch/middleware/templates/rescues/_source.erb (9.1ms)
  Rendered /home/vagrant/.rvm/gems/ruby-2.2.0/gems/actionpack-4.2.1/lib/action_dispatch/middleware/templates/rescues/_trace.html.erb (3.9ms)
  Rendered /home/vagrant/.rvm/gems/ruby-2.2.0/gems/actionpack-4.2.1/lib/action_dispatch/middleware/templates/rescues/_request_and_response.html.erb (1.4ms)
  Rendered /home/vagrant/.rvm/gems/ruby-2.2.0/gems/actionpack-4.2.1/lib/action_dispatch/middleware/templates/rescues/diagnostics.html.erb within rescues/layout (38.0ms)
  [1m[36mItem Load (213.8ms)[0m  [1mSELECT  "items".* FROM "items"  ORDER BY "items"."id" ASC LIMIT 1[0m


Started PUT "/api/v1/items/1?auth_token=5390950c23ed471995c9244d2c6a4f9c" for 10.0.2.2 at 2015-04-20 13:41:46 +0000
Cannot render console from 10.0.2.2! Allowed networks: 127.0.0.1, ::1, 127.0.0.0/127.255.255.255
Processing by Api::V1::ItemsController#update as */*
  Parameters: {"name"=>"Go to work", "description"=>"Buiding API", "completed"=>"false", "auth_token"=>"5390950c23ed471995c9244d2c6a4f9c", "id"=>"1"}
  [1m[35mUser Load (76.0ms)[0m  SELECT  "users".* FROM "users" WHERE "users"."auth_token" = $1 LIMIT 1  [["auth_token", "5390950c23ed471995c9244d2c6a4f9c"]]
  [1m[36mItem Load (69.6ms)[0m  [1mSELECT  "items".* FROM "items" WHERE "items"."id" = $1 LIMIT 1[0m  [["id", 1]]
Completed 400 Bad Request in 1235ms (ActiveRecord: 895.5ms)

ActionController::ParameterMissing (param is missing or the value is empty: item):
  app/controllers/api/v1/items_controller.rb:36:in `item_params'
  app/controllers/api/v1/items_controller.rb:16:in `update'


  Rendered /home/vagrant/.rvm/gems/ruby-2.2.0/gems/actionpack-4.2.1/lib/action_dispatch/middleware/templates/rescues/_source.erb (12.8ms)
  Rendered /home/vagrant/.rvm/gems/ruby-2.2.0/gems/actionpack-4.2.1/lib/action_dispatch/middleware/templates/rescues/_trace.html.erb (3.1ms)
  Rendered /home/vagrant/.rvm/gems/ruby-2.2.0/gems/actionpack-4.2.1/lib/action_dispatch/middleware/templates/rescues/_request_and_response.html.erb (2.2ms)
  Rendered /home/vagrant/.rvm/gems/ruby-2.2.0/gems/actionpack-4.2.1/lib/action_dispatch/middleware/templates/rescues/diagnostics.html.erb within rescues/layout (66.6ms)


Started PUT "/api/v1/items/1?auth_token=5390950c23ed471995c9244d2c6a4f9c" for 10.0.2.2 at 2015-04-20 13:42:46 +0000
Cannot render console from 10.0.2.2! Allowed networks: 127.0.0.1, ::1, 127.0.0.0/127.255.255.255
Processing by Api::V1::ItemsController#update as */*
  Parameters: {"name"=>"Go to work", "description"=>"Buiding API", "auth_token"=>"5390950c23ed471995c9244d2c6a4f9c", "id"=>"1"}
  [1m[35mUser Load (50.0ms)[0m  SELECT  "users".* FROM "users" WHERE "users"."auth_token" = $1 LIMIT 1  [["auth_token", "5390950c23ed471995c9244d2c6a4f9c"]]
  [1m[36mItem Load (56.8ms)[0m  [1mSELECT  "items".* FROM "items" WHERE "items"."id" = $1 LIMIT 1[0m  [["id", 1]]
Completed 400 Bad Request in 156ms (ActiveRecord: 106.8ms)

ActionController::ParameterMissing (param is missing or the value is empty: item):
  app/controllers/api/v1/items_controller.rb:36:in `item_params'
  app/controllers/api/v1/items_controller.rb:16:in `update'


  Rendered /home/vagrant/.rvm/gems/ruby-2.2.0/gems/actionpack-4.2.1/lib/action_dispatch/middleware/templates/rescues/_source.erb (12.1ms)
  Rendered /home/vagrant/.rvm/gems/ruby-2.2.0/gems/actionpack-4.2.1/lib/action_dispatch/middleware/templates/rescues/_trace.html.erb (10.9ms)
  Rendered /home/vagrant/.rvm/gems/ruby-2.2.0/gems/actionpack-4.2.1/lib/action_dispatch/middleware/templates/rescues/_request_and_response.html.erb (3.5ms)
  Rendered /home/vagrant/.rvm/gems/ruby-2.2.0/gems/actionpack-4.2.1/lib/action_dispatch/middleware/templates/rescues/diagnostics.html.erb within rescues/layout (90.0ms)


Started PUT "/api/v1/items/1?auth_token=5390950c23ed471995c9244d2c6a4f9c" for 10.0.2.2 at 2015-04-20 13:44:55 +0000
Cannot render console from 10.0.2.2! Allowed networks: 127.0.0.1, ::1, 127.0.0.0/127.255.255.255
Processing by Api::V1::ItemsController#update as */*
  Parameters: {"name"=>"Go to work", "description"=>"Buiding API", "auth_token"=>"5390950c23ed471995c9244d2c6a4f9c", "id"=>"1"}
  [1m[35mUser Load (98.7ms)[0m  SELECT  "users".* FROM "users" WHERE "users"."auth_token" = $1 LIMIT 1  [["auth_token", "5390950c23ed471995c9244d2c6a4f9c"]]
  [1m[36mItem Load (102.8ms)[0m  [1mSELECT  "items".* FROM "items" WHERE "items"."id" = $1 LIMIT 1[0m  [["id", 1]]
  [1m[35m (13.2ms)[0m  BEGIN
  [1m[36m (40.9ms)[0m  [1mCOMMIT[0m
Completed 200 OK in 1162ms (Views: 5.1ms | ActiveRecord: 745.3ms)


Started PUT "/api/v1/items/1?auth_token=5390950c23ed471995c9244d2c6a4f9c" for 10.0.2.2 at 2015-04-20 13:45:17 +0000
Cannot render console from 10.0.2.2! Allowed networks: 127.0.0.1, ::1, 127.0.0.0/127.255.255.255
Processing by Api::V1::ItemsController#update as */*
  Parameters: {"name"=>"Go to work", "description"=>"Buiding API", "auth_token"=>"5390950c23ed471995c9244d2c6a4f9c", "id"=>"1"}
  [1m[35mUser Load (21.9ms)[0m  SELECT  "users".* FROM "users" WHERE "users"."auth_token" = $1 LIMIT 1  [["auth_token", "5390950c23ed471995c9244d2c6a4f9c"]]
  [1m[36mItem Load (10.5ms)[0m  [1mSELECT  "items".* FROM "items" WHERE "items"."id" = $1 LIMIT 1[0m  [["id", 1]]
  [1m[35m (9.9ms)[0m  BEGIN
  [1m[36m (7.7ms)[0m  [1mCOMMIT[0m
Completed 200 OK in 461ms (Views: 1.6ms | ActiveRecord: 300.9ms)


Started PUT "/api/v1/items/1?auth_token=5390950c23ed471995c9244d2c6a4f9c" for 10.0.2.2 at 2015-04-20 13:45:36 +0000
Cannot render console from 10.0.2.2! Allowed networks: 127.0.0.1, ::1, 127.0.0.0/127.255.255.255
Processing by Api::V1::ItemsController#update as */*
  Parameters: {"name"=>"Go to work", "description"=>"Buiding API", "auth_token"=>"5390950c23ed471995c9244d2c6a4f9c", "id"=>"1"}
  [1m[35mUser Load (15.5ms)[0m  SELECT  "users".* FROM "users" WHERE "users"."auth_token" = $1 LIMIT 1  [["auth_token", "5390950c23ed471995c9244d2c6a4f9c"]]
  [1m[36mItem Load (11.5ms)[0m  [1mSELECT  "items".* FROM "items" WHERE "items"."id" = $1 LIMIT 1[0m  [["id", 1]]
  [1m[35m (5.7ms)[0m  BEGIN
  [1m[36m (1.8ms)[0m  [1mCOMMIT[0m
Completed 200 OK in 312ms (Views: 3.0ms | ActiveRecord: 168.7ms)


Started PUT "/api/v1/items/1?auth_token=5390950c23ed471995c9244d2c6a4f9c" for 10.0.2.2 at 2015-04-20 13:46:31 +0000
Cannot render console from 10.0.2.2! Allowed networks: 127.0.0.1, ::1, 127.0.0.0/127.255.255.255
Processing by Api::V1::ItemsController#update as */*
  Parameters: {"name"=>"Go to work", "description"=>"Buiding API", "auth_token"=>"5390950c23ed471995c9244d2c6a4f9c", "id"=>"1"}
  [1m[35mUser Load (31.3ms)[0m  SELECT  "users".* FROM "users" WHERE "users"."auth_token" = $1 LIMIT 1  [["auth_token", "5390950c23ed471995c9244d2c6a4f9c"]]
  [1m[36mItem Load (12.3ms)[0m  [1mSELECT  "items".* FROM "items" WHERE "items"."id" = $1 LIMIT 1[0m  [["id", 1]]
  [1m[35m (16.0ms)[0m  BEGIN
  [1m[36m (3.8ms)[0m  [1mCOMMIT[0m
Completed 200 OK in 519ms (Views: 3.3ms | ActiveRecord: 340.0ms)


Started PUT "/api/v1/items/1?auth_token=5390950c23ed471995c9244d2c6a4f9c" for 10.0.2.2 at 2015-04-20 13:47:49 +0000
Cannot render console from 10.0.2.2! Allowed networks: 127.0.0.1, ::1, 127.0.0.0/127.255.255.255
Processing by Api::V1::ItemsController#update as */*
  Parameters: {"item"=>"{\"name\": \"Go to work\", \"description\": \"Buiding API\"}", "auth_token"=>"5390950c23ed471995c9244d2c6a4f9c", "id"=>"1"}
  [1m[35mUser Load (15.9ms)[0m  SELECT  "users".* FROM "users" WHERE "users"."auth_token" = $1 LIMIT 1  [["auth_token", "5390950c23ed471995c9244d2c6a4f9c"]]
  [1m[36mItem Load (12.5ms)[0m  [1mSELECT  "items".* FROM "items" WHERE "items"."id" = $1 LIMIT 1[0m  [["id", 1]]
  [1m[35m (14.9ms)[0m  BEGIN
  [1m[36m (0.6ms)[0m  [1mCOMMIT[0m
Completed 200 OK in 85ms (Views: 1.8ms | ActiveRecord: 43.9ms)


Started PUT "/api/v1/items/1?auth_token=5390950c23ed471995c9244d2c6a4f9c" for 10.0.2.2 at 2015-04-20 13:48:25 +0000
Cannot render console from 10.0.2.2! Allowed networks: 127.0.0.1, ::1, 127.0.0.0/127.255.255.255
Processing by Api::V1::ItemsController#update as */*
  Parameters: {"item"=>"{\"name\": \"Go to work\", \"description\": \"Buiding API\"}", "auth_token"=>"5390950c23ed471995c9244d2c6a4f9c", "id"=>"1"}
  [1m[35mUser Load (10.3ms)[0m  SELECT  "users".* FROM "users" WHERE "users"."auth_token" = $1 LIMIT 1  [["auth_token", "5390950c23ed471995c9244d2c6a4f9c"]]
  [1m[36mItem Load (9.9ms)[0m  [1mSELECT  "items".* FROM "items" WHERE "items"."id" = $1 LIMIT 1[0m  [["id", 1]]
Completed 500 Internal Server Error in 307ms (ActiveRecord: 186.7ms)

NoMethodError (undefined method `permit' for "{\"name\": \"Go to work\", \"description\": \"Buiding API\"}":String):
  app/controllers/api/v1/items_controller.rb:36:in `item_params'
  app/controllers/api/v1/items_controller.rb:17:in `update'


  Rendered /home/vagrant/.rvm/gems/ruby-2.2.0/gems/actionpack-4.2.1/lib/action_dispatch/middleware/templates/rescues/_source.erb (6.6ms)
  Rendered /home/vagrant/.rvm/gems/ruby-2.2.0/gems/actionpack-4.2.1/lib/action_dispatch/middleware/templates/rescues/_trace.html.erb (4.4ms)
  Rendered /home/vagrant/.rvm/gems/ruby-2.2.0/gems/actionpack-4.2.1/lib/action_dispatch/middleware/templates/rescues/_request_and_response.html.erb (1.7ms)
  Rendered /home/vagrant/.rvm/gems/ruby-2.2.0/gems/actionpack-4.2.1/lib/action_dispatch/middleware/templates/rescues/diagnostics.html.erb within rescues/layout (30.8ms)


Started PUT "/api/v1/items/1?auth_token=5390950c23ed471995c9244d2c6a4f9c" for 10.0.2.2 at 2015-04-20 13:52:28 +0000
Cannot render console from 10.0.2.2! Allowed networks: 127.0.0.1, ::1, 127.0.0.0/127.255.255.255
Processing by Api::V1::ItemsController#update as */*
  Parameters: {"item"=>"{name: \"Go to work\", description: \"Buiding API\"}", "auth_token"=>"5390950c23ed471995c9244d2c6a4f9c", "id"=>"1"}
  [1m[35mUser Load (57.4ms)[0m  SELECT  "users".* FROM "users" WHERE "users"."auth_token" = $1 LIMIT 1  [["auth_token", "5390950c23ed471995c9244d2c6a4f9c"]]
  [1m[36mItem Load (51.3ms)[0m  [1mSELECT  "items".* FROM "items" WHERE "items"."id" = $1 LIMIT 1[0m  [["id", 1]]
Completed 500 Internal Server Error in 153ms (ActiveRecord: 108.7ms)

NoMethodError (undefined method `permit' for "{name: \"Go to work\", description: \"Buiding API\"}":String):
  app/controllers/api/v1/items_controller.rb:36:in `item_params'
  app/controllers/api/v1/items_controller.rb:17:in `update'


  Rendered /home/vagrant/.rvm/gems/ruby-2.2.0/gems/actionpack-4.2.1/lib/action_dispatch/middleware/templates/rescues/_source.erb (5.8ms)
  Rendered /home/vagrant/.rvm/gems/ruby-2.2.0/gems/actionpack-4.2.1/lib/action_dispatch/middleware/templates/rescues/_trace.html.erb (4.9ms)
  Rendered /home/vagrant/.rvm/gems/ruby-2.2.0/gems/actionpack-4.2.1/lib/action_dispatch/middleware/templates/rescues/_request_and_response.html.erb (1.1ms)
  Rendered /home/vagrant/.rvm/gems/ruby-2.2.0/gems/actionpack-4.2.1/lib/action_dispatch/middleware/templates/rescues/diagnostics.html.erb within rescues/layout (64.0ms)


Started PUT "/api/v1/items/1?auth_token=5390950c23ed471995c9244d2c6a4f9c" for 10.0.2.2 at 2015-04-20 13:53:55 +0000
Cannot render console from 10.0.2.2! Allowed networks: 127.0.0.1, ::1, 127.0.0.0/127.255.255.255
Error occurred while parsing request parameters.
Contents:

item=%7Bname%3A+%22Go+to+work%22%2C+description%3A+%22Buiding+API%22%7D&

ActionDispatch::ParamsParser::ParseError (795: unexpected token at 'item=%7Bname%3A+%22Go+to+work%22%2C+description%3A+%22Buiding+API%22%7D&'):
  actionpack (4.2.1) lib/action_dispatch/middleware/params_parser.rb:53:in `rescue in parse_formatted_parameters'
  actionpack (4.2.1) lib/action_dispatch/middleware/params_parser.rb:32:in `parse_formatted_parameters'
  actionpack (4.2.1) lib/action_dispatch/middleware/params_parser.rb:23:in `call'
  actionpack (4.2.1) lib/action_dispatch/middleware/flash.rb:260:in `call'
  rack (1.6.0) lib/rack/session/abstract/id.rb:225:in `context'
  rack (1.6.0) lib/rack/session/abstract/id.rb:220:in `call'
  actionpack (4.2.1) lib/action_dispatch/middleware/cookies.rb:560:in `call'
  activerecord (4.2.1) lib/active_record/query_cache.rb:36:in `call'
  activerecord (4.2.1) lib/active_record/connection_adapters/abstract/connection_pool.rb:649:in `call'
  activerecord (4.2.1) lib/active_record/migration.rb:378:in `call'
  actionpack (4.2.1) lib/action_dispatch/middleware/callbacks.rb:29:in `block in call'
  activesupport (4.2.1) lib/active_support/callbacks.rb:88:in `call'
  activesupport (4.2.1) lib/active_support/callbacks.rb:88:in `_run_callbacks'
  activesupport (4.2.1) lib/active_support/callbacks.rb:776:in `_run_call_callbacks'
  activesupport (4.2.1) lib/active_support/callbacks.rb:81:in `run_callbacks'
  actionpack (4.2.1) lib/action_dispatch/middleware/callbacks.rb:27:in `call'
  actionpack (4.2.1) lib/action_dispatch/middleware/reloader.rb:73:in `call'
  actionpack (4.2.1) lib/action_dispatch/middleware/remote_ip.rb:78:in `call'
  actionpack (4.2.1) lib/action_dispatch/middleware/debug_exceptions.rb:17:in `call'
  web-console (2.1.2) lib/web_console/middleware.rb:29:in `call'
  actionpack (4.2.1) lib/action_dispatch/middleware/show_exceptions.rb:30:in `call'
  railties (4.2.1) lib/rails/rack/logger.rb:38:in `call_app'
  railties (4.2.1) lib/rails/rack/logger.rb:20:in `block in call'
  activesupport (4.2.1) lib/active_support/tagged_logging.rb:68:in `block in tagged'
  activesupport (4.2.1) lib/active_support/tagged_logging.rb:26:in `tagged'
  activesupport (4.2.1) lib/active_support/tagged_logging.rb:68:in `tagged'
  railties (4.2.1) lib/rails/rack/logger.rb:20:in `call'
  actionpack (4.2.1) lib/action_dispatch/middleware/request_id.rb:21:in `call'
  rack (1.6.0) lib/rack/methodoverride.rb:22:in `call'
  rack (1.6.0) lib/rack/runtime.rb:18:in `call'
  activesupport (4.2.1) lib/active_support/cache/strategy/local_cache_middleware.rb:28:in `call'
  rack (1.6.0) lib/rack/lock.rb:17:in `call'
  actionpack (4.2.1) lib/action_dispatch/middleware/static.rb:113:in `call'
  rack (1.6.0) lib/rack/sendfile.rb:113:in `call'
  railties (4.2.1) lib/rails/engine.rb:518:in `call'
  railties (4.2.1) lib/rails/application.rb:164:in `call'
  rack (1.6.0) lib/rack/lock.rb:17:in `call'
  rack (1.6.0) lib/rack/content_length.rb:15:in `call'
  rack (1.6.0) lib/rack/handler/webrick.rb:89:in `service'
  /home/vagrant/.rvm/rubies/ruby-2.2.0/lib/ruby/2.2.0/webrick/httpserver.rb:138:in `service'
  /home/vagrant/.rvm/rubies/ruby-2.2.0/lib/ruby/2.2.0/webrick/httpserver.rb:94:in `run'
  /home/vagrant/.rvm/rubies/ruby-2.2.0/lib/ruby/2.2.0/webrick/server.rb:294:in `block in start_thread'


  Rendered /home/vagrant/.rvm/gems/ruby-2.2.0/gems/actionpack-4.2.1/lib/action_dispatch/middleware/templates/rescues/_source.erb (3.0ms)
  Rendered /home/vagrant/.rvm/gems/ruby-2.2.0/gems/actionpack-4.2.1/lib/action_dispatch/middleware/templates/rescues/_trace.html.erb (2.4ms)
  Rendered /home/vagrant/.rvm/gems/ruby-2.2.0/gems/actionpack-4.2.1/lib/action_dispatch/middleware/templates/rescues/_request_and_response.html.erb (2.2ms)
  Rendered /home/vagrant/.rvm/gems/ruby-2.2.0/gems/actionpack-4.2.1/lib/action_dispatch/middleware/templates/rescues/diagnostics.html.erb within rescues/layout (31.6ms)


Started PUT "/api/v1/items/1?auth_token=5390950c23ed471995c9244d2c6a4f9c" for 10.0.2.2 at 2015-04-20 13:54:12 +0000
Cannot render console from 10.0.2.2! Allowed networks: 127.0.0.1, ::1, 127.0.0.0/127.255.255.255
Error occurred while parsing request parameters.
Contents:

item=%7Bname%3A+%22Go+to+work%22%2C+description%3A+%22Buiding+API%22%7D&

ActionDispatch::ParamsParser::ParseError (795: unexpected token at 'item=%7Bname%3A+%22Go+to+work%22%2C+description%3A+%22Buiding+API%22%7D&'):
  actionpack (4.2.1) lib/action_dispatch/middleware/params_parser.rb:53:in `rescue in parse_formatted_parameters'
  actionpack (4.2.1) lib/action_dispatch/middleware/params_parser.rb:32:in `parse_formatted_parameters'
  actionpack (4.2.1) lib/action_dispatch/middleware/params_parser.rb:23:in `call'
  actionpack (4.2.1) lib/action_dispatch/middleware/flash.rb:260:in `call'
  rack (1.6.0) lib/rack/session/abstract/id.rb:225:in `context'
  rack (1.6.0) lib/rack/session/abstract/id.rb:220:in `call'
  actionpack (4.2.1) lib/action_dispatch/middleware/cookies.rb:560:in `call'
  activerecord (4.2.1) lib/active_record/query_cache.rb:36:in `call'
  activerecord (4.2.1) lib/active_record/connection_adapters/abstract/connection_pool.rb:649:in `call'
  activerecord (4.2.1) lib/active_record/migration.rb:378:in `call'
  actionpack (4.2.1) lib/action_dispatch/middleware/callbacks.rb:29:in `block in call'
  activesupport (4.2.1) lib/active_support/callbacks.rb:88:in `call'
  activesupport (4.2.1) lib/active_support/callbacks.rb:88:in `_run_callbacks'
  activesupport (4.2.1) lib/active_support/callbacks.rb:776:in `_run_call_callbacks'
  activesupport (4.2.1) lib/active_support/callbacks.rb:81:in `run_callbacks'
  actionpack (4.2.1) lib/action_dispatch/middleware/callbacks.rb:27:in `call'
  actionpack (4.2.1) lib/action_dispatch/middleware/reloader.rb:73:in `call'
  actionpack (4.2.1) lib/action_dispatch/middleware/remote_ip.rb:78:in `call'
  actionpack (4.2.1) lib/action_dispatch/middleware/debug_exceptions.rb:17:in `call'
  web-console (2.1.2) lib/web_console/middleware.rb:29:in `call'
  actionpack (4.2.1) lib/action_dispatch/middleware/show_exceptions.rb:30:in `call'
  railties (4.2.1) lib/rails/rack/logger.rb:38:in `call_app'
  railties (4.2.1) lib/rails/rack/logger.rb:20:in `block in call'
  activesupport (4.2.1) lib/active_support/tagged_logging.rb:68:in `block in tagged'
  activesupport (4.2.1) lib/active_support/tagged_logging.rb:26:in `tagged'
  activesupport (4.2.1) lib/active_support/tagged_logging.rb:68:in `tagged'
  railties (4.2.1) lib/rails/rack/logger.rb:20:in `call'
  actionpack (4.2.1) lib/action_dispatch/middleware/request_id.rb:21:in `call'
  rack (1.6.0) lib/rack/methodoverride.rb:22:in `call'
  rack (1.6.0) lib/rack/runtime.rb:18:in `call'
  activesupport (4.2.1) lib/active_support/cache/strategy/local_cache_middleware.rb:28:in `call'
  rack (1.6.0) lib/rack/lock.rb:17:in `call'
  actionpack (4.2.1) lib/action_dispatch/middleware/static.rb:113:in `call'
  rack (1.6.0) lib/rack/sendfile.rb:113:in `call'
  railties (4.2.1) lib/rails/engine.rb:518:in `call'
  railties (4.2.1) lib/rails/application.rb:164:in `call'
  rack (1.6.0) lib/rack/lock.rb:17:in `call'
  rack (1.6.0) lib/rack/content_length.rb:15:in `call'
  rack (1.6.0) lib/rack/handler/webrick.rb:89:in `service'
  /home/vagrant/.rvm/rubies/ruby-2.2.0/lib/ruby/2.2.0/webrick/httpserver.rb:138:in `service'
  /home/vagrant/.rvm/rubies/ruby-2.2.0/lib/ruby/2.2.0/webrick/httpserver.rb:94:in `run'
  /home/vagrant/.rvm/rubies/ruby-2.2.0/lib/ruby/2.2.0/webrick/server.rb:294:in `block in start_thread'


  Rendered /home/vagrant/.rvm/gems/ruby-2.2.0/gems/actionpack-4.2.1/lib/action_dispatch/middleware/templates/rescues/_source.erb (7.0ms)
  Rendered /home/vagrant/.rvm/gems/ruby-2.2.0/gems/actionpack-4.2.1/lib/action_dispatch/middleware/templates/rescues/_trace.html.erb (2.0ms)
  Rendered /home/vagrant/.rvm/gems/ruby-2.2.0/gems/actionpack-4.2.1/lib/action_dispatch/middleware/templates/rescues/_request_and_response.html.erb (2.0ms)
  Rendered /home/vagrant/.rvm/gems/ruby-2.2.0/gems/actionpack-4.2.1/lib/action_dispatch/middleware/templates/rescues/diagnostics.html.erb within rescues/layout (39.1ms)


Started PUT "/api/v1/items/1?auth_token=5390950c23ed471995c9244d2c6a4f9c" for 10.0.2.2 at 2015-04-20 13:54:51 +0000
Cannot render console from 10.0.2.2! Allowed networks: 127.0.0.1, ::1, 127.0.0.0/127.255.255.255
Error occurred while parsing request parameters.
Contents:

item=%7B%22name%22%3A+%22Go+to+work%22%2C%22description%22%3A+%22Buiding+API%22%7D&

ActionDispatch::ParamsParser::ParseError (795: unexpected token at 'item=%7B%22name%22%3A+%22Go+to+work%22%2C%22description%22%3A+%22Buiding+API%22%7D&'):
  actionpack (4.2.1) lib/action_dispatch/middleware/params_parser.rb:53:in `rescue in parse_formatted_parameters'
  actionpack (4.2.1) lib/action_dispatch/middleware/params_parser.rb:32:in `parse_formatted_parameters'
  actionpack (4.2.1) lib/action_dispatch/middleware/params_parser.rb:23:in `call'
  actionpack (4.2.1) lib/action_dispatch/middleware/flash.rb:260:in `call'
  rack (1.6.0) lib/rack/session/abstract/id.rb:225:in `context'
  rack (1.6.0) lib/rack/session/abstract/id.rb:220:in `call'
  actionpack (4.2.1) lib/action_dispatch/middleware/cookies.rb:560:in `call'
  activerecord (4.2.1) lib/active_record/query_cache.rb:36:in `call'
  activerecord (4.2.1) lib/active_record/connection_adapters/abstract/connection_pool.rb:649:in `call'
  activerecord (4.2.1) lib/active_record/migration.rb:378:in `call'
  actionpack (4.2.1) lib/action_dispatch/middleware/callbacks.rb:29:in `block in call'
  activesupport (4.2.1) lib/active_support/callbacks.rb:88:in `call'
  activesupport (4.2.1) lib/active_support/callbacks.rb:88:in `_run_callbacks'
  activesupport (4.2.1) lib/active_support/callbacks.rb:776:in `_run_call_callbacks'
  activesupport (4.2.1) lib/active_support/callbacks.rb:81:in `run_callbacks'
  actionpack (4.2.1) lib/action_dispatch/middleware/callbacks.rb:27:in `call'
  actionpack (4.2.1) lib/action_dispatch/middleware/reloader.rb:73:in `call'
  actionpack (4.2.1) lib/action_dispatch/middleware/remote_ip.rb:78:in `call'
  actionpack (4.2.1) lib/action_dispatch/middleware/debug_exceptions.rb:17:in `call'
  web-console (2.1.2) lib/web_console/middleware.rb:29:in `call'
  actionpack (4.2.1) lib/action_dispatch/middleware/show_exceptions.rb:30:in `call'
  railties (4.2.1) lib/rails/rack/logger.rb:38:in `call_app'
  railties (4.2.1) lib/rails/rack/logger.rb:20:in `block in call'
  activesupport (4.2.1) lib/active_support/tagged_logging.rb:68:in `block in tagged'
  activesupport (4.2.1) lib/active_support/tagged_logging.rb:26:in `tagged'
  activesupport (4.2.1) lib/active_support/tagged_logging.rb:68:in `tagged'
  railties (4.2.1) lib/rails/rack/logger.rb:20:in `call'
  actionpack (4.2.1) lib/action_dispatch/middleware/request_id.rb:21:in `call'
  rack (1.6.0) lib/rack/methodoverride.rb:22:in `call'
  rack (1.6.0) lib/rack/runtime.rb:18:in `call'
  activesupport (4.2.1) lib/active_support/cache/strategy/local_cache_middleware.rb:28:in `call'
  rack (1.6.0) lib/rack/lock.rb:17:in `call'
  actionpack (4.2.1) lib/action_dispatch/middleware/static.rb:113:in `call'
  rack (1.6.0) lib/rack/sendfile.rb:113:in `call'
  railties (4.2.1) lib/rails/engine.rb:518:in `call'
  railties (4.2.1) lib/rails/application.rb:164:in `call'
  rack (1.6.0) lib/rack/lock.rb:17:in `call'
  rack (1.6.0) lib/rack/content_length.rb:15:in `call'
  rack (1.6.0) lib/rack/handler/webrick.rb:89:in `service'
  /home/vagrant/.rvm/rubies/ruby-2.2.0/lib/ruby/2.2.0/webrick/httpserver.rb:138:in `service'
  /home/vagrant/.rvm/rubies/ruby-2.2.0/lib/ruby/2.2.0/webrick/httpserver.rb:94:in `run'
  /home/vagrant/.rvm/rubies/ruby-2.2.0/lib/ruby/2.2.0/webrick/server.rb:294:in `block in start_thread'


  Rendered /home/vagrant/.rvm/gems/ruby-2.2.0/gems/actionpack-4.2.1/lib/action_dispatch/middleware/templates/rescues/_source.erb (4.5ms)
  Rendered /home/vagrant/.rvm/gems/ruby-2.2.0/gems/actionpack-4.2.1/lib/action_dispatch/middleware/templates/rescues/_trace.html.erb (2.0ms)
  Rendered /home/vagrant/.rvm/gems/ruby-2.2.0/gems/actionpack-4.2.1/lib/action_dispatch/middleware/templates/rescues/_request_and_response.html.erb (1.3ms)
  Rendered /home/vagrant/.rvm/gems/ruby-2.2.0/gems/actionpack-4.2.1/lib/action_dispatch/middleware/templates/rescues/diagnostics.html.erb within rescues/layout (32.2ms)


Started PUT "/api/v1/items/1?auth_token=5390950c23ed471995c9244d2c6a4f9c" for 10.0.2.2 at 2015-04-20 13:55:26 +0000
Cannot render console from 10.0.2.2! Allowed networks: 127.0.0.1, ::1, 127.0.0.0/127.255.255.255
Error occurred while parsing request parameters.
Contents:

item=%7B%22name%22%3A+%22Go+to+work%22%2C%22description%22%3A+%22Buiding+API%22%7D&

ActionDispatch::ParamsParser::ParseError (795: unexpected token at 'item=%7B%22name%22%3A+%22Go+to+work%22%2C%22description%22%3A+%22Buiding+API%22%7D&'):
  actionpack (4.2.1) lib/action_dispatch/middleware/params_parser.rb:53:in `rescue in parse_formatted_parameters'
  actionpack (4.2.1) lib/action_dispatch/middleware/params_parser.rb:32:in `parse_formatted_parameters'
  actionpack (4.2.1) lib/action_dispatch/middleware/params_parser.rb:23:in `call'
  actionpack (4.2.1) lib/action_dispatch/middleware/flash.rb:260:in `call'
  rack (1.6.0) lib/rack/session/abstract/id.rb:225:in `context'
  rack (1.6.0) lib/rack/session/abstract/id.rb:220:in `call'
  actionpack (4.2.1) lib/action_dispatch/middleware/cookies.rb:560:in `call'
  activerecord (4.2.1) lib/active_record/query_cache.rb:36:in `call'
  activerecord (4.2.1) lib/active_record/connection_adapters/abstract/connection_pool.rb:649:in `call'
  activerecord (4.2.1) lib/active_record/migration.rb:378:in `call'
  actionpack (4.2.1) lib/action_dispatch/middleware/callbacks.rb:29:in `block in call'
  activesupport (4.2.1) lib/active_support/callbacks.rb:88:in `call'
  activesupport (4.2.1) lib/active_support/callbacks.rb:88:in `_run_callbacks'
  activesupport (4.2.1) lib/active_support/callbacks.rb:776:in `_run_call_callbacks'
  activesupport (4.2.1) lib/active_support/callbacks.rb:81:in `run_callbacks'
  actionpack (4.2.1) lib/action_dispatch/middleware/callbacks.rb:27:in `call'
  actionpack (4.2.1) lib/action_dispatch/middleware/reloader.rb:73:in `call'
  actionpack (4.2.1) lib/action_dispatch/middleware/remote_ip.rb:78:in `call'
  actionpack (4.2.1) lib/action_dispatch/middleware/debug_exceptions.rb:17:in `call'
  web-console (2.1.2) lib/web_console/middleware.rb:29:in `call'
  actionpack (4.2.1) lib/action_dispatch/middleware/show_exceptions.rb:30:in `call'
  railties (4.2.1) lib/rails/rack/logger.rb:38:in `call_app'
  railties (4.2.1) lib/rails/rack/logger.rb:20:in `block in call'
  activesupport (4.2.1) lib/active_support/tagged_logging.rb:68:in `block in tagged'
  activesupport (4.2.1) lib/active_support/tagged_logging.rb:26:in `tagged'
  activesupport (4.2.1) lib/active_support/tagged_logging.rb:68:in `tagged'
  railties (4.2.1) lib/rails/rack/logger.rb:20:in `call'
  actionpack (4.2.1) lib/action_dispatch/middleware/request_id.rb:21:in `call'
  rack (1.6.0) lib/rack/methodoverride.rb:22:in `call'
  rack (1.6.0) lib/rack/runtime.rb:18:in `call'
  activesupport (4.2.1) lib/active_support/cache/strategy/local_cache_middleware.rb:28:in `call'
  rack (1.6.0) lib/rack/lock.rb:17:in `call'
  actionpack (4.2.1) lib/action_dispatch/middleware/static.rb:113:in `call'
  rack (1.6.0) lib/rack/sendfile.rb:113:in `call'
  railties (4.2.1) lib/rails/engine.rb:518:in `call'
  railties (4.2.1) lib/rails/application.rb:164:in `call'
  rack (1.6.0) lib/rack/lock.rb:17:in `call'
  rack (1.6.0) lib/rack/content_length.rb:15:in `call'
  rack (1.6.0) lib/rack/handler/webrick.rb:89:in `service'
  /home/vagrant/.rvm/rubies/ruby-2.2.0/lib/ruby/2.2.0/webrick/httpserver.rb:138:in `service'
  /home/vagrant/.rvm/rubies/ruby-2.2.0/lib/ruby/2.2.0/webrick/httpserver.rb:94:in `run'
  /home/vagrant/.rvm/rubies/ruby-2.2.0/lib/ruby/2.2.0/webrick/server.rb:294:in `block in start_thread'


  Rendered /home/vagrant/.rvm/gems/ruby-2.2.0/gems/actionpack-4.2.1/lib/action_dispatch/middleware/templates/rescues/_source.erb (4.9ms)
  Rendered /home/vagrant/.rvm/gems/ruby-2.2.0/gems/actionpack-4.2.1/lib/action_dispatch/middleware/templates/rescues/_trace.html.erb (2.2ms)
  Rendered /home/vagrant/.rvm/gems/ruby-2.2.0/gems/actionpack-4.2.1/lib/action_dispatch/middleware/templates/rescues/_request_and_response.html.erb (1.9ms)
  Rendered /home/vagrant/.rvm/gems/ruby-2.2.0/gems/actionpack-4.2.1/lib/action_dispatch/middleware/templates/rescues/diagnostics.html.erb within rescues/layout (35.1ms)


Started PUT "/api/v1/items/1?auth_token=5390950c23ed471995c9244d2c6a4f9c" for 10.0.2.2 at 2015-04-20 14:04:09 +0000
Cannot render console from 10.0.2.2! Allowed networks: 127.0.0.1, ::1, 127.0.0.0/127.255.255.255
Error occurred while parsing request parameters.
Contents:

item=name%3A+%22Go+to+work%22%2Cdescription%3A+%22Buiding+API%22&

ActionDispatch::ParamsParser::ParseError (795: unexpected token at 'item=name%3A+%22Go+to+work%22%2Cdescription%3A+%22Buiding+API%22&'):
  actionpack (4.2.1) lib/action_dispatch/middleware/params_parser.rb:53:in `rescue in parse_formatted_parameters'
  actionpack (4.2.1) lib/action_dispatch/middleware/params_parser.rb:32:in `parse_formatted_parameters'
  actionpack (4.2.1) lib/action_dispatch/middleware/params_parser.rb:23:in `call'
  actionpack (4.2.1) lib/action_dispatch/middleware/flash.rb:260:in `call'
  rack (1.6.0) lib/rack/session/abstract/id.rb:225:in `context'
  rack (1.6.0) lib/rack/session/abstract/id.rb:220:in `call'
  actionpack (4.2.1) lib/action_dispatch/middleware/cookies.rb:560:in `call'
  activerecord (4.2.1) lib/active_record/query_cache.rb:36:in `call'
  activerecord (4.2.1) lib/active_record/connection_adapters/abstract/connection_pool.rb:649:in `call'
  activerecord (4.2.1) lib/active_record/migration.rb:378:in `call'
  actionpack (4.2.1) lib/action_dispatch/middleware/callbacks.rb:29:in `block in call'
  activesupport (4.2.1) lib/active_support/callbacks.rb:88:in `call'
  activesupport (4.2.1) lib/active_support/callbacks.rb:88:in `_run_callbacks'
  activesupport (4.2.1) lib/active_support/callbacks.rb:776:in `_run_call_callbacks'
  activesupport (4.2.1) lib/active_support/callbacks.rb:81:in `run_callbacks'
  actionpack (4.2.1) lib/action_dispatch/middleware/callbacks.rb:27:in `call'
  actionpack (4.2.1) lib/action_dispatch/middleware/reloader.rb:73:in `call'
  actionpack (4.2.1) lib/action_dispatch/middleware/remote_ip.rb:78:in `call'
  actionpack (4.2.1) lib/action_dispatch/middleware/debug_exceptions.rb:17:in `call'
  web-console (2.1.2) lib/web_console/middleware.rb:29:in `call'
  actionpack (4.2.1) lib/action_dispatch/middleware/show_exceptions.rb:30:in `call'
  railties (4.2.1) lib/rails/rack/logger.rb:38:in `call_app'
  railties (4.2.1) lib/rails/rack/logger.rb:20:in `block in call'
  activesupport (4.2.1) lib/active_support/tagged_logging.rb:68:in `block in tagged'
  activesupport (4.2.1) lib/active_support/tagged_logging.rb:26:in `tagged'
  activesupport (4.2.1) lib/active_support/tagged_logging.rb:68:in `tagged'
  railties (4.2.1) lib/rails/rack/logger.rb:20:in `call'
  actionpack (4.2.1) lib/action_dispatch/middleware/request_id.rb:21:in `call'
  rack (1.6.0) lib/rack/methodoverride.rb:22:in `call'
  rack (1.6.0) lib/rack/runtime.rb:18:in `call'
  activesupport (4.2.1) lib/active_support/cache/strategy/local_cache_middleware.rb:28:in `call'
  rack (1.6.0) lib/rack/lock.rb:17:in `call'
  actionpack (4.2.1) lib/action_dispatch/middleware/static.rb:113:in `call'
  rack (1.6.0) lib/rack/sendfile.rb:113:in `call'
  railties (4.2.1) lib/rails/engine.rb:518:in `call'
  railties (4.2.1) lib/rails/application.rb:164:in `call'
  rack (1.6.0) lib/rack/lock.rb:17:in `call'
  rack (1.6.0) lib/rack/content_length.rb:15:in `call'
  rack (1.6.0) lib/rack/handler/webrick.rb:89:in `service'
  /home/vagrant/.rvm/rubies/ruby-2.2.0/lib/ruby/2.2.0/webrick/httpserver.rb:138:in `service'
  /home/vagrant/.rvm/rubies/ruby-2.2.0/lib/ruby/2.2.0/webrick/httpserver.rb:94:in `run'
  /home/vagrant/.rvm/rubies/ruby-2.2.0/lib/ruby/2.2.0/webrick/server.rb:294:in `block in start_thread'


  Rendered /home/vagrant/.rvm/gems/ruby-2.2.0/gems/actionpack-4.2.1/lib/action_dispatch/middleware/templates/rescues/_source.erb (3.5ms)
  Rendered /home/vagrant/.rvm/gems/ruby-2.2.0/gems/actionpack-4.2.1/lib/action_dispatch/middleware/templates/rescues/_trace.html.erb (2.3ms)
  Rendered /home/vagrant/.rvm/gems/ruby-2.2.0/gems/actionpack-4.2.1/lib/action_dispatch/middleware/templates/rescues/_request_and_response.html.erb (2.2ms)
  Rendered /home/vagrant/.rvm/gems/ruby-2.2.0/gems/actionpack-4.2.1/lib/action_dispatch/middleware/templates/rescues/diagnostics.html.erb within rescues/layout (33.1ms)


Started PUT "/api/v1/items/1?auth_token=5390950c23ed471995c9244d2c6a4f9c" for 10.0.2.2 at 2015-04-20 14:04:26 +0000
Cannot render console from 10.0.2.2! Allowed networks: 127.0.0.1, ::1, 127.0.0.0/127.255.255.255
Error occurred while parsing request parameters.
Contents:

item%3A=name%3A+%22Go+to+work%22%2Cdescription%3A+%22Buiding+API%22&

ActionDispatch::ParamsParser::ParseError (795: unexpected token at 'item%3A=name%3A+%22Go+to+work%22%2Cdescription%3A+%22Buiding+API%22&'):
  actionpack (4.2.1) lib/action_dispatch/middleware/params_parser.rb:53:in `rescue in parse_formatted_parameters'
  actionpack (4.2.1) lib/action_dispatch/middleware/params_parser.rb:32:in `parse_formatted_parameters'
  actionpack (4.2.1) lib/action_dispatch/middleware/params_parser.rb:23:in `call'
  actionpack (4.2.1) lib/action_dispatch/middleware/flash.rb:260:in `call'
  rack (1.6.0) lib/rack/session/abstract/id.rb:225:in `context'
  rack (1.6.0) lib/rack/session/abstract/id.rb:220:in `call'
  actionpack (4.2.1) lib/action_dispatch/middleware/cookies.rb:560:in `call'
  activerecord (4.2.1) lib/active_record/query_cache.rb:36:in `call'
  activerecord (4.2.1) lib/active_record/connection_adapters/abstract/connection_pool.rb:649:in `call'
  activerecord (4.2.1) lib/active_record/migration.rb:378:in `call'
  actionpack (4.2.1) lib/action_dispatch/middleware/callbacks.rb:29:in `block in call'
  activesupport (4.2.1) lib/active_support/callbacks.rb:88:in `call'
  activesupport (4.2.1) lib/active_support/callbacks.rb:88:in `_run_callbacks'
  activesupport (4.2.1) lib/active_support/callbacks.rb:776:in `_run_call_callbacks'
  activesupport (4.2.1) lib/active_support/callbacks.rb:81:in `run_callbacks'
  actionpack (4.2.1) lib/action_dispatch/middleware/callbacks.rb:27:in `call'
  actionpack (4.2.1) lib/action_dispatch/middleware/reloader.rb:73:in `call'
  actionpack (4.2.1) lib/action_dispatch/middleware/remote_ip.rb:78:in `call'
  actionpack (4.2.1) lib/action_dispatch/middleware/debug_exceptions.rb:17:in `call'
  web-console (2.1.2) lib/web_console/middleware.rb:29:in `call'
  actionpack (4.2.1) lib/action_dispatch/middleware/show_exceptions.rb:30:in `call'
  railties (4.2.1) lib/rails/rack/logger.rb:38:in `call_app'
  railties (4.2.1) lib/rails/rack/logger.rb:20:in `block in call'
  activesupport (4.2.1) lib/active_support/tagged_logging.rb:68:in `block in tagged'
  activesupport (4.2.1) lib/active_support/tagged_logging.rb:26:in `tagged'
  activesupport (4.2.1) lib/active_support/tagged_logging.rb:68:in `tagged'
  railties (4.2.1) lib/rails/rack/logger.rb:20:in `call'
  actionpack (4.2.1) lib/action_dispatch/middleware/request_id.rb:21:in `call'
  rack (1.6.0) lib/rack/methodoverride.rb:22:in `call'
  rack (1.6.0) lib/rack/runtime.rb:18:in `call'
  activesupport (4.2.1) lib/active_support/cache/strategy/local_cache_middleware.rb:28:in `call'
  rack (1.6.0) lib/rack/lock.rb:17:in `call'
  actionpack (4.2.1) lib/action_dispatch/middleware/static.rb:113:in `call'
  rack (1.6.0) lib/rack/sendfile.rb:113:in `call'
  railties (4.2.1) lib/rails/engine.rb:518:in `call'
  railties (4.2.1) lib/rails/application.rb:164:in `call'
  rack (1.6.0) lib/rack/lock.rb:17:in `call'
  rack (1.6.0) lib/rack/content_length.rb:15:in `call'
  rack (1.6.0) lib/rack/handler/webrick.rb:89:in `service'
  /home/vagrant/.rvm/rubies/ruby-2.2.0/lib/ruby/2.2.0/webrick/httpserver.rb:138:in `service'
  /home/vagrant/.rvm/rubies/ruby-2.2.0/lib/ruby/2.2.0/webrick/httpserver.rb:94:in `run'
  /home/vagrant/.rvm/rubies/ruby-2.2.0/lib/ruby/2.2.0/webrick/server.rb:294:in `block in start_thread'


  Rendered /home/vagrant/.rvm/gems/ruby-2.2.0/gems/actionpack-4.2.1/lib/action_dispatch/middleware/templates/rescues/_source.erb (2.8ms)
  Rendered /home/vagrant/.rvm/gems/ruby-2.2.0/gems/actionpack-4.2.1/lib/action_dispatch/middleware/templates/rescues/_trace.html.erb (2.0ms)
  Rendered /home/vagrant/.rvm/gems/ruby-2.2.0/gems/actionpack-4.2.1/lib/action_dispatch/middleware/templates/rescues/_request_and_response.html.erb (1.9ms)
  Rendered /home/vagrant/.rvm/gems/ruby-2.2.0/gems/actionpack-4.2.1/lib/action_dispatch/middleware/templates/rescues/diagnostics.html.erb within rescues/layout (43.6ms)


Started GET "/api/v1/items?auth_token=5390950c23ed471995c9244d2c6a4f9c" for 10.0.2.2 at 2015-04-20 14:11:17 +0000
Cannot render console from 10.0.2.2! Allowed networks: 127.0.0.1, ::1, 127.0.0.0/127.255.255.255
Processing by Api::V1::ItemsController#index as */*
  Parameters: {"auth_token"=>"5390950c23ed471995c9244d2c6a4f9c"}
  [1m[35mUser Load (25.4ms)[0m  SELECT  "users".* FROM "users" WHERE "users"."auth_token" = $1 LIMIT 1  [["auth_token", "5390950c23ed471995c9244d2c6a4f9c"]]
  [1m[36mItem Load (17.5ms)[0m  [1mSELECT "items".* FROM "items" WHERE "items"."user_id" = $1[0m  [["user_id", 2]]
Completed 200 OK in 230ms (Views: 67.9ms | ActiveRecord: 42.8ms)


Started PUT "/api/v1/items/1?auth_token=5390950c23ed471995c9244d2c6a4f9c" for 10.0.2.2 at 2015-04-20 14:12:07 +0000
Cannot render console from 10.0.2.2! Allowed networks: 127.0.0.1, ::1, 127.0.0.0/127.255.255.255
Processing by Api::V1::ItemsController#update as */*
  Parameters: {"name"=>"building API", "description"=>"building API", "auth_token"=>"5390950c23ed471995c9244d2c6a4f9c", "id"=>"1"}
  [1m[35mUser Load (10.6ms)[0m  SELECT  "users".* FROM "users" WHERE "users"."auth_token" = $1 LIMIT 1  [["auth_token", "5390950c23ed471995c9244d2c6a4f9c"]]
  [1m[36mItem Load (3.5ms)[0m  [1mSELECT  "items".* FROM "items" WHERE "items"."id" = $1 LIMIT 1[0m  [["id", 1]]
Completed 400 Bad Request in 24ms (ActiveRecord: 14.1ms)

ActionController::ParameterMissing (param is missing or the value is empty: item):
  app/controllers/api/v1/items_controller.rb:36:in `item_params'
  app/controllers/api/v1/items_controller.rb:17:in `update'


  Rendered /home/vagrant/.rvm/gems/ruby-2.2.0/gems/actionpack-4.2.1/lib/action_dispatch/middleware/templates/rescues/_source.erb (10.0ms)
  Rendered /home/vagrant/.rvm/gems/ruby-2.2.0/gems/actionpack-4.2.1/lib/action_dispatch/middleware/templates/rescues/_trace.html.erb (3.2ms)
  Rendered /home/vagrant/.rvm/gems/ruby-2.2.0/gems/actionpack-4.2.1/lib/action_dispatch/middleware/templates/rescues/_request_and_response.html.erb (1.9ms)
  Rendered /home/vagrant/.rvm/gems/ruby-2.2.0/gems/actionpack-4.2.1/lib/action_dispatch/middleware/templates/rescues/diagnostics.html.erb within rescues/layout (42.9ms)


Started PUT "/api/v1/items/1?auth_token=5390950c23ed471995c9244d2c6a4f9c" for 10.0.2.2 at 2015-04-20 14:15:02 +0000
Cannot render console from 10.0.2.2! Allowed networks: 127.0.0.1, ::1, 127.0.0.0/127.255.255.255
Processing by Api::V1::ItemsController#update as */*
  Parameters: {"item"=>"{     \"name\": \"building API\",     \"description\": \"building API\" }", "auth_token"=>"5390950c23ed471995c9244d2c6a4f9c", "id"=>"1"}
  [1m[35mUser Load (28.3ms)[0m  SELECT  "users".* FROM "users" WHERE "users"."auth_token" = $1 LIMIT 1  [["auth_token", "5390950c23ed471995c9244d2c6a4f9c"]]
  [1m[36mItem Load (1.0ms)[0m  [1mSELECT  "items".* FROM "items" WHERE "items"."id" = $1 LIMIT 1[0m  [["id", 1]]
Completed 500 Internal Server Error in 44ms (ActiveRecord: 29.3ms)

NoMethodError (undefined method `permit' for #<String:0x007f753c180ed0>):
  app/controllers/api/v1/items_controller.rb:36:in `item_params'
  app/controllers/api/v1/items_controller.rb:17:in `update'


  Rendered /home/vagrant/.rvm/gems/ruby-2.2.0/gems/actionpack-4.2.1/lib/action_dispatch/middleware/templates/rescues/_source.erb (6.6ms)
  Rendered /home/vagrant/.rvm/gems/ruby-2.2.0/gems/actionpack-4.2.1/lib/action_dispatch/middleware/templates/rescues/_trace.html.erb (2.9ms)
  Rendered /home/vagrant/.rvm/gems/ruby-2.2.0/gems/actionpack-4.2.1/lib/action_dispatch/middleware/templates/rescues/_request_and_response.html.erb (1.4ms)
  Rendered /home/vagrant/.rvm/gems/ruby-2.2.0/gems/actionpack-4.2.1/lib/action_dispatch/middleware/templates/rescues/diagnostics.html.erb within rescues/layout (32.2ms)


Started PUT "/api/v1/items/1?auth_token=5390950c23ed471995c9244d2c6a4f9c" for 10.0.2.2 at 2015-04-20 14:15:49 +0000
Cannot render console from 10.0.2.2! Allowed networks: 127.0.0.1, ::1, 127.0.0.0/127.255.255.255
Processing by Api::V1::ItemsController#update as */*
  Parameters: {"item"=>"{     \"name\": \"building API\",     \"description\": \"building API\" }", "auth_token"=>"5390950c23ed471995c9244d2c6a4f9c", "id"=>"1"}
  [1m[35mUser Load (3.3ms)[0m  SELECT  "users".* FROM "users" WHERE "users"."auth_token" = $1 LIMIT 1  [["auth_token", "5390950c23ed471995c9244d2c6a4f9c"]]
  [1m[36mItem Load (10.9ms)[0m  [1mSELECT  "items".* FROM "items" WHERE "items"."id" = $1 LIMIT 1[0m  [["id", 1]]
Completed 500 Internal Server Error in 272ms (ActiveRecord: 144.6ms)

TypeError (no implicit conversion of ActionController::Parameters into String):
  app/controllers/api/v1/items_controller.rb:16:in `update'


  Rendered /home/vagrant/.rvm/gems/ruby-2.2.0/gems/actionpack-4.2.1/lib/action_dispatch/middleware/templates/rescues/_source.erb (6.4ms)
  Rendered /home/vagrant/.rvm/gems/ruby-2.2.0/gems/actionpack-4.2.1/lib/action_dispatch/middleware/templates/rescues/_trace.html.erb (4.9ms)
  Rendered /home/vagrant/.rvm/gems/ruby-2.2.0/gems/actionpack-4.2.1/lib/action_dispatch/middleware/templates/rescues/_request_and_response.html.erb (3.4ms)
  Rendered /home/vagrant/.rvm/gems/ruby-2.2.0/gems/actionpack-4.2.1/lib/action_dispatch/middleware/templates/rescues/diagnostics.html.erb within rescues/layout (34.7ms)


Started PUT "/api/v1/items/1?auth_token=5390950c23ed471995c9244d2c6a4f9c" for 10.0.2.2 at 2015-04-20 14:15:59 +0000
Cannot render console from 10.0.2.2! Allowed networks: 127.0.0.1, ::1, 127.0.0.0/127.255.255.255
Processing by Api::V1::ItemsController#update as */*
  Parameters: {"item"=>"{     \"name\": \"building API\",     \"description\": \"building API\" }", "auth_token"=>"5390950c23ed471995c9244d2c6a4f9c", "id"=>"1"}
  [1m[35mUser Load (16.9ms)[0m  SELECT  "users".* FROM "users" WHERE "users"."auth_token" = $1 LIMIT 1  [["auth_token", "5390950c23ed471995c9244d2c6a4f9c"]]
  [1m[36mItem Load (9.3ms)[0m  [1mSELECT  "items".* FROM "items" WHERE "items"."id" = $1 LIMIT 1[0m  [["id", 1]]
Completed 500 Internal Server Error in 44ms (ActiveRecord: 26.2ms)

TypeError (no implicit conversion of ActionController::Parameters into String):
  app/controllers/api/v1/items_controller.rb:16:in `update'


  Rendered /home/vagrant/.rvm/gems/ruby-2.2.0/gems/actionpack-4.2.1/lib/action_dispatch/middleware/templates/rescues/_source.erb (5.8ms)
  Rendered /home/vagrant/.rvm/gems/ruby-2.2.0/gems/actionpack-4.2.1/lib/action_dispatch/middleware/templates/rescues/_trace.html.erb (2.5ms)
  Rendered /home/vagrant/.rvm/gems/ruby-2.2.0/gems/actionpack-4.2.1/lib/action_dispatch/middleware/templates/rescues/_request_and_response.html.erb (1.2ms)
  Rendered /home/vagrant/.rvm/gems/ruby-2.2.0/gems/actionpack-4.2.1/lib/action_dispatch/middleware/templates/rescues/diagnostics.html.erb within rescues/layout (28.6ms)


Started PUT "/api/v1/items/1?auth_token=5390950c23ed471995c9244d2c6a4f9c" for 10.0.2.2 at 2015-04-20 14:16:27 +0000
Cannot render console from 10.0.2.2! Allowed networks: 127.0.0.1, ::1, 127.0.0.0/127.255.255.255
Processing by Api::V1::ItemsController#update as */*
  Parameters: {"item"=>"{     \"name\": \"building API\",     \"description\": \"building API\" }", "auth_token"=>"5390950c23ed471995c9244d2c6a4f9c", "id"=>"1"}
  [1m[35mUser Load (8.0ms)[0m  SELECT  "users".* FROM "users" WHERE "users"."auth_token" = $1 LIMIT 1  [["auth_token", "5390950c23ed471995c9244d2c6a4f9c"]]
  [1m[36mItem Load (3.4ms)[0m  [1mSELECT  "items".* FROM "items" WHERE "items"."id" = $1 LIMIT 1[0m  [["id", 1]]
Completed 500 Internal Server Error in 311ms (ActiveRecord: 167.1ms)

TypeError (no implicit conversion of ActionController::Parameters into String):
  app/controllers/api/v1/items_controller.rb:16:in `update'


  Rendered /home/vagrant/.rvm/gems/ruby-2.2.0/gems/actionpack-4.2.1/lib/action_dispatch/middleware/templates/rescues/_source.erb (7.9ms)
  Rendered /home/vagrant/.rvm/gems/ruby-2.2.0/gems/actionpack-4.2.1/lib/action_dispatch/middleware/templates/rescues/_trace.html.erb (3.2ms)
  Rendered /home/vagrant/.rvm/gems/ruby-2.2.0/gems/actionpack-4.2.1/lib/action_dispatch/middleware/templates/rescues/_request_and_response.html.erb (1.6ms)
  Rendered /home/vagrant/.rvm/gems/ruby-2.2.0/gems/actionpack-4.2.1/lib/action_dispatch/middleware/templates/rescues/diagnostics.html.erb within rescues/layout (31.3ms)


Started PUT "/api/v1/items/1?auth_token=5390950c23ed471995c9244d2c6a4f9c" for 10.0.2.2 at 2015-04-20 14:18:56 +0000
Cannot render console from 10.0.2.2! Allowed networks: 127.0.0.1, ::1, 127.0.0.0/127.255.255.255
Processing by Api::V1::ItemsController#update as */*
  Parameters: {"item"=>"{     \"name\": \"building API\",     \"description\": \"building API\" }", "auth_token"=>"5390950c23ed471995c9244d2c6a4f9c", "id"=>"1"}
  [1m[35mUser Load (1.0ms)[0m  SELECT  "users".* FROM "users" WHERE "users"."auth_token" = $1 LIMIT 1  [["auth_token", "5390950c23ed471995c9244d2c6a4f9c"]]
  [1m[36mItem Load (0.7ms)[0m  [1mSELECT  "items".* FROM "items" WHERE "items"."id" = $1 LIMIT 1[0m  [["id", 1]]
Completed 500 Internal Server Error in 110ms (ActiveRecord: 18.1ms)

NoMethodError (undefined method `permit' for #<String:0x00000003e5f508>):
  app/controllers/api/v1/items_controller.rb:36:in `item_params'
  app/controllers/api/v1/items_controller.rb:17:in `update'


  Rendered /home/vagrant/.rvm/gems/ruby-2.2.0/gems/actionpack-4.2.1/lib/action_dispatch/middleware/templates/rescues/_source.erb (5.3ms)
  Rendered /home/vagrant/.rvm/gems/ruby-2.2.0/gems/actionpack-4.2.1/lib/action_dispatch/middleware/templates/rescues/_trace.html.erb (19.2ms)
  Rendered /home/vagrant/.rvm/gems/ruby-2.2.0/gems/actionpack-4.2.1/lib/action_dispatch/middleware/templates/rescues/_request_and_response.html.erb (1.4ms)
  Rendered /home/vagrant/.rvm/gems/ruby-2.2.0/gems/actionpack-4.2.1/lib/action_dispatch/middleware/templates/rescues/diagnostics.html.erb within rescues/layout (59.5ms)


Started PUT "/api/v1/items/1?auth_token=5390950c23ed471995c9244d2c6a4f9c" for 10.0.2.2 at 2015-04-20 14:19:30 +0000
Cannot render console from 10.0.2.2! Allowed networks: 127.0.0.1, ::1, 127.0.0.0/127.255.255.255
Processing by Api::V1::ItemsController#update as */*
  Parameters: {"item"=>"{     name: \"building API\",     description: \"building API\" }", "auth_token"=>"5390950c23ed471995c9244d2c6a4f9c", "id"=>"1"}
  [1m[35mUser Load (0.6ms)[0m  SELECT  "users".* FROM "users" WHERE "users"."auth_token" = $1 LIMIT 1  [["auth_token", "5390950c23ed471995c9244d2c6a4f9c"]]
  [1m[36mItem Load (0.5ms)[0m  [1mSELECT  "items".* FROM "items" WHERE "items"."id" = $1 LIMIT 1[0m  [["id", 1]]
Completed 500 Internal Server Error in 5ms (ActiveRecord: 1.2ms)

JSON::ParserError (757: unexpected token at '{     name: "building API",     description: "building API" }'):
  app/controllers/api/v1/items_controller.rb:16:in `update'


  Rendered /home/vagrant/.rvm/gems/ruby-2.2.0/gems/actionpack-4.2.1/lib/action_dispatch/middleware/templates/rescues/_source.erb (7.6ms)
  Rendered /home/vagrant/.rvm/gems/ruby-2.2.0/gems/actionpack-4.2.1/lib/action_dispatch/middleware/templates/rescues/_trace.html.erb (3.4ms)
  Rendered /home/vagrant/.rvm/gems/ruby-2.2.0/gems/actionpack-4.2.1/lib/action_dispatch/middleware/templates/rescues/_request_and_response.html.erb (1.2ms)
  Rendered /home/vagrant/.rvm/gems/ruby-2.2.0/gems/actionpack-4.2.1/lib/action_dispatch/middleware/templates/rescues/diagnostics.html.erb within rescues/layout (30.2ms)


Started PUT "/api/v1/items/1?auth_token=5390950c23ed471995c9244d2c6a4f9c" for 10.0.2.2 at 2015-04-20 14:20:11 +0000
Cannot render console from 10.0.2.2! Allowed networks: 127.0.0.1, ::1, 127.0.0.0/127.255.255.255
Processing by Api::V1::ItemsController#update as */*
  Parameters: {"item"=>"{     \"name\": \"building API\",     \"description\": \"building API\" }", "auth_token"=>"5390950c23ed471995c9244d2c6a4f9c", "id"=>"1"}
  [1m[35mUser Load (0.8ms)[0m  SELECT  "users".* FROM "users" WHERE "users"."auth_token" = $1 LIMIT 1  [["auth_token", "5390950c23ed471995c9244d2c6a4f9c"]]
  [1m[36mItem Load (0.7ms)[0m  [1mSELECT  "items".* FROM "items" WHERE "items"."id" = $1 LIMIT 1[0m  [["id", 1]]
Completed 500 Internal Server Error in 6ms (ActiveRecord: 1.5ms)

NoMethodError (undefined method `permit' for #<String:0x007f753c811628>):
  app/controllers/api/v1/items_controller.rb:36:in `item_params'
  app/controllers/api/v1/items_controller.rb:17:in `update'


  Rendered /home/vagrant/.rvm/gems/ruby-2.2.0/gems/actionpack-4.2.1/lib/action_dispatch/middleware/templates/rescues/_source.erb (5.4ms)
  Rendered /home/vagrant/.rvm/gems/ruby-2.2.0/gems/actionpack-4.2.1/lib/action_dispatch/middleware/templates/rescues/_trace.html.erb (2.7ms)
  Rendered /home/vagrant/.rvm/gems/ruby-2.2.0/gems/actionpack-4.2.1/lib/action_dispatch/middleware/templates/rescues/_request_and_response.html.erb (1.2ms)
  Rendered /home/vagrant/.rvm/gems/ruby-2.2.0/gems/actionpack-4.2.1/lib/action_dispatch/middleware/templates/rescues/diagnostics.html.erb within rescues/layout (29.8ms)


Started PUT "/api/v1/items/1?auth_token=5390950c23ed471995c9244d2c6a4f9c" for 10.0.2.2 at 2015-04-20 14:24:40 +0000
Cannot render console from 10.0.2.2! Allowed networks: 127.0.0.1, ::1, 127.0.0.0/127.255.255.255
Processing by Api::V1::ItemsController#update as */*
  Parameters: {"item"=>"{     \"name\": \"building API\",     \"description\": \"building API\" }", "auth_token"=>"5390950c23ed471995c9244d2c6a4f9c", "id"=>"1"}
  [1m[35mUser Load (0.7ms)[0m  SELECT  "users".* FROM "users" WHERE "users"."auth_token" = $1 LIMIT 1  [["auth_token", "5390950c23ed471995c9244d2c6a4f9c"]]
  [1m[36mItem Load (0.8ms)[0m  [1mSELECT  "items".* FROM "items" WHERE "items"."id" = $1 LIMIT 1[0m  [["id", 1]]
  [1m[35m (0.7ms)[0m  BEGIN
  [1m[36mSQL (6.0ms)[0m  [1mUPDATE "items" SET "name" = $1, "description" = $2, "updated_at" = $3 WHERE "items"."id" = $4[0m  [["name", "building API"], ["description", "building API"], ["updated_at", "2015-04-20 14:24:40.914235"], ["id", 1]]
  [1m[35m (1.7ms)[0m  COMMIT
Completed 200 OK in 98ms (Views: 0.7ms | ActiveRecord: 16.3ms)


Started PUT "/api/v1/items/1?auth_token=5390950c23ed471995c9244d2c6a4f9c" for 10.0.2.2 at 2015-04-20 14:25:12 +0000
Cannot render console from 10.0.2.2! Allowed networks: 127.0.0.1, ::1, 127.0.0.0/127.255.255.255
Processing by Api::V1::ItemsController#update as */*
  Parameters: {"item"=>"{     \"name\": \"building API\",     \"description\": \"building API\" }", "auth_token"=>"5390950c23ed471995c9244d2c6a4f9c", "id"=>"1"}
  [1m[36mUser Load (0.6ms)[0m  [1mSELECT  "users".* FROM "users" WHERE "users"."auth_token" = $1 LIMIT 1[0m  [["auth_token", "5390950c23ed471995c9244d2c6a4f9c"]]
  [1m[35mItem Load (0.6ms)[0m  SELECT  "items".* FROM "items" WHERE "items"."id" = $1 LIMIT 1  [["id", 1]]
Completed 500 Internal Server Error in 86ms (ActiveRecord: 10.0ms)

NoMethodError (undefined method `permit' for {"name"=>"building API", "description"=>"building API"}:Hash):
  app/controllers/api/v1/items_controller.rb:35:in `item_params'
  app/controllers/api/v1/items_controller.rb:16:in `update'


  Rendered /home/vagrant/.rvm/gems/ruby-2.2.0/gems/actionpack-4.2.1/lib/action_dispatch/middleware/templates/rescues/_source.erb (6.5ms)
  Rendered /home/vagrant/.rvm/gems/ruby-2.2.0/gems/actionpack-4.2.1/lib/action_dispatch/middleware/templates/rescues/_trace.html.erb (4.8ms)
  Rendered /home/vagrant/.rvm/gems/ruby-2.2.0/gems/actionpack-4.2.1/lib/action_dispatch/middleware/templates/rescues/_request_and_response.html.erb (1.2ms)
  Rendered /home/vagrant/.rvm/gems/ruby-2.2.0/gems/actionpack-4.2.1/lib/action_dispatch/middleware/templates/rescues/diagnostics.html.erb within rescues/layout (31.0ms)


Started PUT "/api/v1/items/1?auth_token=5390950c23ed471995c9244d2c6a4f9c" for 10.0.2.2 at 2015-04-20 14:27:10 +0000
Cannot render console from 10.0.2.2! Allowed networks: 127.0.0.1, ::1, 127.0.0.0/127.255.255.255
Processing by Api::V1::ItemsController#update as */*
  Parameters: {"item"=>"{     \"name\": \"building API\",     \"description\": \"building API\" }", "auth_token"=>"5390950c23ed471995c9244d2c6a4f9c", "id"=>"1"}
  [1m[36mUser Load (0.6ms)[0m  [1mSELECT  "users".* FROM "users" WHERE "users"."auth_token" = $1 LIMIT 1[0m  [["auth_token", "5390950c23ed471995c9244d2c6a4f9c"]]
  [1m[35mItem Load (0.6ms)[0m  SELECT  "items".* FROM "items" WHERE "items"."id" = $1 LIMIT 1  [["id", 1]]
Completed 500 Internal Server Error in 78ms (ActiveRecord: 6.5ms)

NoMethodError (undefined method `permit' for {"name"=>"building API", "description"=>"building API"}:Hash):
  app/controllers/api/v1/items_controller.rb:35:in `item_params'
  app/controllers/api/v1/items_controller.rb:16:in `update'


  Rendered /home/vagrant/.rvm/gems/ruby-2.2.0/gems/actionpack-4.2.1/lib/action_dispatch/middleware/templates/rescues/_source.erb (5.7ms)
  Rendered /home/vagrant/.rvm/gems/ruby-2.2.0/gems/actionpack-4.2.1/lib/action_dispatch/middleware/templates/rescues/_trace.html.erb (2.5ms)
  Rendered /home/vagrant/.rvm/gems/ruby-2.2.0/gems/actionpack-4.2.1/lib/action_dispatch/middleware/templates/rescues/_request_and_response.html.erb (1.7ms)
  Rendered /home/vagrant/.rvm/gems/ruby-2.2.0/gems/actionpack-4.2.1/lib/action_dispatch/middleware/templates/rescues/diagnostics.html.erb within rescues/layout (25.3ms)


Started PUT "/api/v1/items/1?auth_token=5390950c23ed471995c9244d2c6a4f9c" for 10.0.2.2 at 2015-04-20 14:28:54 +0000
Cannot render console from 10.0.2.2! Allowed networks: 127.0.0.1, ::1, 127.0.0.0/127.255.255.255
Processing by Api::V1::ItemsController#update as */*
  Parameters: {"item"=>"{     name: \"building API\",     \"description\": \"building API\" }", "auth_token"=>"5390950c23ed471995c9244d2c6a4f9c", "id"=>"1"}
  [1m[36mUser Load (0.7ms)[0m  [1mSELECT  "users".* FROM "users" WHERE "users"."auth_token" = $1 LIMIT 1[0m  [["auth_token", "5390950c23ed471995c9244d2c6a4f9c"]]
  [1m[35mItem Load (0.3ms)[0m  SELECT  "items".* FROM "items" WHERE "items"."id" = $1 LIMIT 1  [["id", 1]]
Completed 500 Internal Server Error in 82ms (ActiveRecord: 7.0ms)

JSON::ParserError (757: unexpected token at '{     name: "building API",     "description": "building API" }'):
  app/controllers/api/v1/items_controller.rb:16:in `update'


  Rendered /home/vagrant/.rvm/gems/ruby-2.2.0/gems/actionpack-4.2.1/lib/action_dispatch/middleware/templates/rescues/_source.erb (7.7ms)
  Rendered /home/vagrant/.rvm/gems/ruby-2.2.0/gems/actionpack-4.2.1/lib/action_dispatch/middleware/templates/rescues/_trace.html.erb (3.1ms)
  Rendered /home/vagrant/.rvm/gems/ruby-2.2.0/gems/actionpack-4.2.1/lib/action_dispatch/middleware/templates/rescues/_request_and_response.html.erb (2.0ms)
  Rendered /home/vagrant/.rvm/gems/ruby-2.2.0/gems/actionpack-4.2.1/lib/action_dispatch/middleware/templates/rescues/diagnostics.html.erb within rescues/layout (41.5ms)


Started PUT "/api/v1/items/1?auth_token=5390950c23ed471995c9244d2c6a4f9c" for 10.0.2.2 at 2015-04-20 14:29:11 +0000
Cannot render console from 10.0.2.2! Allowed networks: 127.0.0.1, ::1, 127.0.0.0/127.255.255.255
Processing by Api::V1::ItemsController#update as */*
  Parameters: {"item"=>"{     \"name\": \"building API\",     \"description\": \"building API\" }", "auth_token"=>"5390950c23ed471995c9244d2c6a4f9c", "id"=>"1"}
  [1m[36mUser Load (1.2ms)[0m  [1mSELECT  "users".* FROM "users" WHERE "users"."auth_token" = $1 LIMIT 1[0m  [["auth_token", "5390950c23ed471995c9244d2c6a4f9c"]]
  [1m[35mItem Load (1.0ms)[0m  SELECT  "items".* FROM "items" WHERE "items"."id" = $1 LIMIT 1  [["id", 1]]
  [1m[36m (0.5ms)[0m  [1mBEGIN[0m
  [1m[35m (0.7ms)[0m  COMMIT
Completed 200 OK in 11ms (Views: 0.8ms | ActiveRecord: 3.4ms)


Started PUT "/api/v1/items/1?auth_token=5390950c23ed471995c9244d2c6a4f9c" for 10.0.2.2 at 2015-04-20 14:32:35 +0000
Cannot render console from 10.0.2.2! Allowed networks: 127.0.0.1, ::1, 127.0.0.0/127.255.255.255
Processing by Api::V1::ItemsController#update as */*
  Parameters: {"item"=>"{     \"name\": \"building API\",     \"description\": \"building API\" }", "auth_token"=>"5390950c23ed471995c9244d2c6a4f9c", "id"=>"1"}
  [1m[36mUser Load (0.6ms)[0m  [1mSELECT  "users".* FROM "users" WHERE "users"."auth_token" = $1 LIMIT 1[0m  [["auth_token", "5390950c23ed471995c9244d2c6a4f9c"]]
  [1m[35mItem Load (0.4ms)[0m  SELECT  "items".* FROM "items" WHERE "items"."id" = $1 LIMIT 1  [["id", 1]]
  [1m[36m (0.5ms)[0m  [1mBEGIN[0m
  [1m[35m (0.6ms)[0m  COMMIT
Completed 200 OK in 96ms (Views: 0.5ms | ActiveRecord: 7.3ms)


Started PUT "/api/v1/items/1?auth_token=5390950c23ed471995c9244d2c6a4f9c" for 10.0.2.2 at 2015-04-20 14:33:10 +0000
Cannot render console from 10.0.2.2! Allowed networks: 127.0.0.1, ::1, 127.0.0.0/127.255.255.255
Processing by Api::V1::ItemsController#update as */*
  Parameters: {"item"=>"{     \"name\": \"building API\",     \"description\": \"building API\" }", "auth_token"=>"5390950c23ed471995c9244d2c6a4f9c", "id"=>"1"}
  [1m[36mUser Load (1.0ms)[0m  [1mSELECT  "users".* FROM "users" WHERE "users"."auth_token" = $1 LIMIT 1[0m  [["auth_token", "5390950c23ed471995c9244d2c6a4f9c"]]
  [1m[35mItem Load (0.6ms)[0m  SELECT  "items".* FROM "items" WHERE "items"."id" = $1 LIMIT 1  [["id", 1]]
  [1m[36m (0.3ms)[0m  [1mBEGIN[0m
  [1m[35m (0.8ms)[0m  COMMIT
Completed 200 OK in 95ms (Views: 0.5ms | ActiveRecord: 9.1ms)


Started PUT "/api/v1/items/1?auth_token=5390950c23ed471995c9244d2c6a4f9c" for 10.0.2.2 at 2015-04-20 14:34:33 +0000
Cannot render console from 10.0.2.2! Allowed networks: 127.0.0.1, ::1, 127.0.0.0/127.255.255.255
Processing by Api::V1::ItemsController#update as */*
  Parameters: {"item"=>"{     \"name\": \"building API\",     \"description\": \"building API\" }", "auth_token"=>"5390950c23ed471995c9244d2c6a4f9c", "id"=>"1"}
  [1m[36mUser Load (0.7ms)[0m  [1mSELECT  "users".* FROM "users" WHERE "users"."auth_token" = $1 LIMIT 1[0m  [["auth_token", "5390950c23ed471995c9244d2c6a4f9c"]]
  [1m[35mItem Load (0.7ms)[0m  SELECT  "items".* FROM "items" WHERE "items"."id" = $1 LIMIT 1  [["id", 1]]
Completed 500 Internal Server Error in 91ms (ActiveRecord: 8.2ms)

TypeError (no implicit conversion of ActionController::Parameters into String):
  app/controllers/api/v1/items_controller.rb:18:in `update'


  Rendered /home/vagrant/.rvm/gems/ruby-2.2.0/gems/actionpack-4.2.1/lib/action_dispatch/middleware/templates/rescues/_source.erb (6.3ms)
  Rendered /home/vagrant/.rvm/gems/ruby-2.2.0/gems/actionpack-4.2.1/lib/action_dispatch/middleware/templates/rescues/_trace.html.erb (3.4ms)
  Rendered /home/vagrant/.rvm/gems/ruby-2.2.0/gems/actionpack-4.2.1/lib/action_dispatch/middleware/templates/rescues/_request_and_response.html.erb (1.7ms)
  Rendered /home/vagrant/.rvm/gems/ruby-2.2.0/gems/actionpack-4.2.1/lib/action_dispatch/middleware/templates/rescues/diagnostics.html.erb within rescues/layout (31.8ms)


Started PUT "/api/v1/items/1?auth_token=5390950c23ed471995c9244d2c6a4f9c" for 10.0.2.2 at 2015-04-20 14:34:54 +0000
Cannot render console from 10.0.2.2! Allowed networks: 127.0.0.1, ::1, 127.0.0.0/127.255.255.255
Processing by Api::V1::ItemsController#update as */*
  Parameters: {"\"item\""=>"{     \"name\": \"building API\",     \"description\": \"building API\" }", "auth_token"=>"5390950c23ed471995c9244d2c6a4f9c", "id"=>"1"}
  [1m[36mUser Load (0.9ms)[0m  [1mSELECT  "users".* FROM "users" WHERE "users"."auth_token" = $1 LIMIT 1[0m  [["auth_token", "5390950c23ed471995c9244d2c6a4f9c"]]
  [1m[35mItem Load (0.6ms)[0m  SELECT  "items".* FROM "items" WHERE "items"."id" = $1 LIMIT 1  [["id", 1]]
Completed 500 Internal Server Error in 8ms (ActiveRecord: 1.5ms)

TypeError (no implicit conversion of ActionController::Parameters into String):
  app/controllers/api/v1/items_controller.rb:18:in `update'


  Rendered /home/vagrant/.rvm/gems/ruby-2.2.0/gems/actionpack-4.2.1/lib/action_dispatch/middleware/templates/rescues/_source.erb (7.6ms)
  Rendered /home/vagrant/.rvm/gems/ruby-2.2.0/gems/actionpack-4.2.1/lib/action_dispatch/middleware/templates/rescues/_trace.html.erb (4.3ms)
  Rendered /home/vagrant/.rvm/gems/ruby-2.2.0/gems/actionpack-4.2.1/lib/action_dispatch/middleware/templates/rescues/_request_and_response.html.erb (1.3ms)
  Rendered /home/vagrant/.rvm/gems/ruby-2.2.0/gems/actionpack-4.2.1/lib/action_dispatch/middleware/templates/rescues/diagnostics.html.erb within rescues/layout (30.1ms)


Started PUT "/api/v1/items/1?auth_token=5390950c23ed471995c9244d2c6a4f9c" for 10.0.2.2 at 2015-04-20 14:35:04 +0000
Cannot render console from 10.0.2.2! Allowed networks: 127.0.0.1, ::1, 127.0.0.0/127.255.255.255
Processing by Api::V1::ItemsController#update as */*
  Parameters: {"\"item\""=>"{     \"name\": \"building API\",     \"description\": \"building API\" }", "auth_token"=>"5390950c23ed471995c9244d2c6a4f9c", "id"=>"1"}
  [1m[36mUser Load (0.6ms)[0m  [1mSELECT  "users".* FROM "users" WHERE "users"."auth_token" = $1 LIMIT 1[0m  [["auth_token", "5390950c23ed471995c9244d2c6a4f9c"]]
  [1m[35mItem Load (0.2ms)[0m  SELECT  "items".* FROM "items" WHERE "items"."id" = $1 LIMIT 1  [["id", 1]]
Completed 500 Internal Server Error in 82ms (ActiveRecord: 6.2ms)

TypeError (no implicit conversion of nil into String):
  app/controllers/api/v1/items_controller.rb:18:in `update'


  Rendered /home/vagrant/.rvm/gems/ruby-2.2.0/gems/actionpack-4.2.1/lib/action_dispatch/middleware/templates/rescues/_source.erb (6.9ms)
  Rendered /home/vagrant/.rvm/gems/ruby-2.2.0/gems/actionpack-4.2.1/lib/action_dispatch/middleware/templates/rescues/_trace.html.erb (4.2ms)
  Rendered /home/vagrant/.rvm/gems/ruby-2.2.0/gems/actionpack-4.2.1/lib/action_dispatch/middleware/templates/rescues/_request_and_response.html.erb (1.2ms)
  Rendered /home/vagrant/.rvm/gems/ruby-2.2.0/gems/actionpack-4.2.1/lib/action_dispatch/middleware/templates/rescues/diagnostics.html.erb within rescues/layout (27.1ms)


Started PUT "/api/v1/items/1?auth_token=5390950c23ed471995c9244d2c6a4f9c" for 10.0.2.2 at 2015-04-20 14:35:20 +0000
Cannot render console from 10.0.2.2! Allowed networks: 127.0.0.1, ::1, 127.0.0.0/127.255.255.255
Processing by Api::V1::ItemsController#update as */*
  Parameters: {"item"=>"{     \"name\": \"building API\",     \"description\": \"building API\" }", "auth_token"=>"5390950c23ed471995c9244d2c6a4f9c", "id"=>"1"}
  [1m[36mUser Load (0.8ms)[0m  [1mSELECT  "users".* FROM "users" WHERE "users"."auth_token" = $1 LIMIT 1[0m  [["auth_token", "5390950c23ed471995c9244d2c6a4f9c"]]
  [1m[35mItem Load (0.8ms)[0m  SELECT  "items".* FROM "items" WHERE "items"."id" = $1 LIMIT 1  [["id", 1]]
  [1m[36m (0.5ms)[0m  [1mBEGIN[0m
  [1m[35m (0.6ms)[0m  COMMIT
Completed 200 OK in 89ms (Views: 0.7ms | ActiveRecord: 9.1ms)


Started PUT "/api/v1/items/1?auth_token=5390950c23ed471995c9244d2c6a4f9c" for 10.0.2.2 at 2015-04-20 14:36:40 +0000
Cannot render console from 10.0.2.2! Allowed networks: 127.0.0.1, ::1, 127.0.0.0/127.255.255.255
Processing by Api::V1::ItemsController#update as */*
  Parameters: {"name"=>"building API", "description"=>"building API", "auth_token"=>"5390950c23ed471995c9244d2c6a4f9c", "id"=>"1"}
  [1m[36mUser Load (0.9ms)[0m  [1mSELECT  "users".* FROM "users" WHERE "users"."auth_token" = $1 LIMIT 1[0m  [["auth_token", "5390950c23ed471995c9244d2c6a4f9c"]]
  [1m[35mItem Load (0.6ms)[0m  SELECT  "items".* FROM "items" WHERE "items"."id" = $1 LIMIT 1  [["id", 1]]
Completed 500 Internal Server Error in 9ms (ActiveRecord: 1.5ms)

TypeError (no implicit conversion of nil into String):
  app/controllers/api/v1/items_controller.rb:18:in `update'


  Rendered /home/vagrant/.rvm/gems/ruby-2.2.0/gems/actionpack-4.2.1/lib/action_dispatch/middleware/templates/rescues/_source.erb (15.5ms)
  Rendered /home/vagrant/.rvm/gems/ruby-2.2.0/gems/actionpack-4.2.1/lib/action_dispatch/middleware/templates/rescues/_trace.html.erb (2.7ms)
  Rendered /home/vagrant/.rvm/gems/ruby-2.2.0/gems/actionpack-4.2.1/lib/action_dispatch/middleware/templates/rescues/_request_and_response.html.erb (1.7ms)
  Rendered /home/vagrant/.rvm/gems/ruby-2.2.0/gems/actionpack-4.2.1/lib/action_dispatch/middleware/templates/rescues/diagnostics.html.erb within rescues/layout (38.8ms)


Started PUT "/api/v1/items/1?auth_token=5390950c23ed471995c9244d2c6a4f9c" for 10.0.2.2 at 2015-04-20 14:36:49 +0000
Cannot render console from 10.0.2.2! Allowed networks: 127.0.0.1, ::1, 127.0.0.0/127.255.255.255
Processing by Api::V1::ItemsController#update as */*
  Parameters: {"name"=>"building API", "description"=>"building API", "auth_token"=>"5390950c23ed471995c9244d2c6a4f9c", "id"=>"1"}
  [1m[36mUser Load (0.5ms)[0m  [1mSELECT  "users".* FROM "users" WHERE "users"."auth_token" = $1 LIMIT 1[0m  [["auth_token", "5390950c23ed471995c9244d2c6a4f9c"]]
  [1m[35mItem Load (0.6ms)[0m  SELECT  "items".* FROM "items" WHERE "items"."id" = $1 LIMIT 1  [["id", 1]]
Completed 500 Internal Server Error in 78ms (ActiveRecord: 6.3ms)

TypeError (no implicit conversion of ActionController::Parameters into String):
  app/controllers/api/v1/items_controller.rb:18:in `update'


  Rendered /home/vagrant/.rvm/gems/ruby-2.2.0/gems/actionpack-4.2.1/lib/action_dispatch/middleware/templates/rescues/_source.erb (7.3ms)
  Rendered /home/vagrant/.rvm/gems/ruby-2.2.0/gems/actionpack-4.2.1/lib/action_dispatch/middleware/templates/rescues/_trace.html.erb (5.3ms)
  Rendered /home/vagrant/.rvm/gems/ruby-2.2.0/gems/actionpack-4.2.1/lib/action_dispatch/middleware/templates/rescues/_request_and_response.html.erb (1.5ms)
  Rendered /home/vagrant/.rvm/gems/ruby-2.2.0/gems/actionpack-4.2.1/lib/action_dispatch/middleware/templates/rescues/diagnostics.html.erb within rescues/layout (33.4ms)


Started PUT "/api/v1/items/1?auth_token=5390950c23ed471995c9244d2c6a4f9c" for 10.0.2.2 at 2015-04-20 14:37:10 +0000
Cannot render console from 10.0.2.2! Allowed networks: 127.0.0.1, ::1, 127.0.0.0/127.255.255.255
Processing by Api::V1::ItemsController#update as */*
  Parameters: {"name"=>"building API", "description"=>"building API", "auth_token"=>"5390950c23ed471995c9244d2c6a4f9c", "id"=>"1"}
  [1m[36mUser Load (0.6ms)[0m  [1mSELECT  "users".* FROM "users" WHERE "users"."auth_token" = $1 LIMIT 1[0m  [["auth_token", "5390950c23ed471995c9244d2c6a4f9c"]]
  [1m[35mItem Load (0.7ms)[0m  SELECT  "items".* FROM "items" WHERE "items"."id" = $1 LIMIT 1  [["id", 1]]
Completed 500 Internal Server Error in 77ms (ActiveRecord: 7.0ms)

TypeError (no implicit conversion of ActionController::Parameters into String):
  app/controllers/api/v1/items_controller.rb:17:in `update'


  Rendered /home/vagrant/.rvm/gems/ruby-2.2.0/gems/actionpack-4.2.1/lib/action_dispatch/middleware/templates/rescues/_source.erb (8.5ms)
  Rendered /home/vagrant/.rvm/gems/ruby-2.2.0/gems/actionpack-4.2.1/lib/action_dispatch/middleware/templates/rescues/_trace.html.erb (3.6ms)
  Rendered /home/vagrant/.rvm/gems/ruby-2.2.0/gems/actionpack-4.2.1/lib/action_dispatch/middleware/templates/rescues/_request_and_response.html.erb (1.1ms)
  Rendered /home/vagrant/.rvm/gems/ruby-2.2.0/gems/actionpack-4.2.1/lib/action_dispatch/middleware/templates/rescues/diagnostics.html.erb within rescues/layout (31.6ms)


Started PUT "/api/v1/items/1?auth_token=5390950c23ed471995c9244d2c6a4f9c" for 10.0.2.2 at 2015-04-20 14:37:41 +0000
Cannot render console from 10.0.2.2! Allowed networks: 127.0.0.1, ::1, 127.0.0.0/127.255.255.255
Processing by Api::V1::ItemsController#update as */*
  Parameters: {"name"=>"building API", "description"=>"building API", "auth_token"=>"5390950c23ed471995c9244d2c6a4f9c", "id"=>"1"}
  [1m[36mUser Load (0.6ms)[0m  [1mSELECT  "users".* FROM "users" WHERE "users"."auth_token" = $1 LIMIT 1[0m  [["auth_token", "5390950c23ed471995c9244d2c6a4f9c"]]
  [1m[35mItem Load (0.6ms)[0m  SELECT  "items".* FROM "items" WHERE "items"."id" = $1 LIMIT 1  [["id", 1]]
Completed 500 Internal Server Error in 84ms (ActiveRecord: 7.3ms)

TypeError (no implicit conversion of ActionController::Parameters into String):
  app/controllers/api/v1/items_controller.rb:18:in `update'


  Rendered /home/vagrant/.rvm/gems/ruby-2.2.0/gems/actionpack-4.2.1/lib/action_dispatch/middleware/templates/rescues/_source.erb (7.1ms)
  Rendered /home/vagrant/.rvm/gems/ruby-2.2.0/gems/actionpack-4.2.1/lib/action_dispatch/middleware/templates/rescues/_trace.html.erb (3.8ms)
  Rendered /home/vagrant/.rvm/gems/ruby-2.2.0/gems/actionpack-4.2.1/lib/action_dispatch/middleware/templates/rescues/_request_and_response.html.erb (1.4ms)
  Rendered /home/vagrant/.rvm/gems/ruby-2.2.0/gems/actionpack-4.2.1/lib/action_dispatch/middleware/templates/rescues/diagnostics.html.erb within rescues/layout (32.6ms)


Started PUT "/api/v1/items/1?auth_token=5390950c23ed471995c9244d2c6a4f9c" for 10.0.2.2 at 2015-04-20 14:39:33 +0000
Cannot render console from 10.0.2.2! Allowed networks: 127.0.0.1, ::1, 127.0.0.0/127.255.255.255
Processing by Api::V1::ItemsController#update as */*
  Parameters: {"item"=>"{\"name\": \"buiding API\", \"description\": \"building API\"", "auth_token"=>"5390950c23ed471995c9244d2c6a4f9c", "id"=>"1"}
  [1m[36mUser Load (0.5ms)[0m  [1mSELECT  "users".* FROM "users" WHERE "users"."auth_token" = $1 LIMIT 1[0m  [["auth_token", "5390950c23ed471995c9244d2c6a4f9c"]]
  [1m[35mItem Load (0.6ms)[0m  SELECT  "items".* FROM "items" WHERE "items"."id" = $1 LIMIT 1  [["id", 1]]
Completed 500 Internal Server Error in 95ms (ActiveRecord: 8.4ms)

JSON::ParserError (757: unexpected token at '{"name": "buiding API", "description": "building API"'):
  app/controllers/api/v1/items_controller.rb:36:in `item_params'
  app/controllers/api/v1/items_controller.rb:17:in `update'


  Rendered /home/vagrant/.rvm/gems/ruby-2.2.0/gems/actionpack-4.2.1/lib/action_dispatch/middleware/templates/rescues/_source.erb (9.7ms)
  Rendered /home/vagrant/.rvm/gems/ruby-2.2.0/gems/actionpack-4.2.1/lib/action_dispatch/middleware/templates/rescues/_trace.html.erb (4.3ms)
  Rendered /home/vagrant/.rvm/gems/ruby-2.2.0/gems/actionpack-4.2.1/lib/action_dispatch/middleware/templates/rescues/_request_and_response.html.erb (2.9ms)
  Rendered /home/vagrant/.rvm/gems/ruby-2.2.0/gems/actionpack-4.2.1/lib/action_dispatch/middleware/templates/rescues/diagnostics.html.erb within rescues/layout (35.9ms)


Started PUT "/api/v1/items/1?auth_token=5390950c23ed471995c9244d2c6a4f9c" for 10.0.2.2 at 2015-04-20 14:39:42 +0000
Cannot render console from 10.0.2.2! Allowed networks: 127.0.0.1, ::1, 127.0.0.0/127.255.255.255
Processing by Api::V1::ItemsController#update as */*
  Parameters: {"item"=>"{\"name\": \"buiding API\", \"description\": \"building API\"", "auth_token"=>"5390950c23ed471995c9244d2c6a4f9c", "id"=>"1"}
  [1m[36mUser Load (0.6ms)[0m  [1mSELECT  "users".* FROM "users" WHERE "users"."auth_token" = $1 LIMIT 1[0m  [["auth_token", "5390950c23ed471995c9244d2c6a4f9c"]]
  [1m[35mItem Load (0.5ms)[0m  SELECT  "items".* FROM "items" WHERE "items"."id" = $1 LIMIT 1  [["id", 1]]
Completed 500 Internal Server Error in 100ms (ActiveRecord: 8.7ms)

JSON::ParserError (757: unexpected token at '{"name": "buiding API", "description": "building API"'):
  app/controllers/api/v1/items_controller.rb:36:in `item_params'
  app/controllers/api/v1/items_controller.rb:17:in `update'


  Rendered /home/vagrant/.rvm/gems/ruby-2.2.0/gems/actionpack-4.2.1/lib/action_dispatch/middleware/templates/rescues/_source.erb (5.9ms)
  Rendered /home/vagrant/.rvm/gems/ruby-2.2.0/gems/actionpack-4.2.1/lib/action_dispatch/middleware/templates/rescues/_trace.html.erb (4.2ms)
  Rendered /home/vagrant/.rvm/gems/ruby-2.2.0/gems/actionpack-4.2.1/lib/action_dispatch/middleware/templates/rescues/_request_and_response.html.erb (1.8ms)
  Rendered /home/vagrant/.rvm/gems/ruby-2.2.0/gems/actionpack-4.2.1/lib/action_dispatch/middleware/templates/rescues/diagnostics.html.erb within rescues/layout (28.1ms)


Started PUT "/api/v1/items/1?auth_token=5390950c23ed471995c9244d2c6a4f9c" for 10.0.2.2 at 2015-04-20 14:40:04 +0000
Cannot render console from 10.0.2.2! Allowed networks: 127.0.0.1, ::1, 127.0.0.0/127.255.255.255
Processing by Api::V1::ItemsController#update as */*
  Parameters: {"item"=>"{\"name\": \"buiding API\", \"description\": \"building API\"}", "auth_token"=>"5390950c23ed471995c9244d2c6a4f9c", "id"=>"1"}
  [1m[36mUser Load (0.7ms)[0m  [1mSELECT  "users".* FROM "users" WHERE "users"."auth_token" = $1 LIMIT 1[0m  [["auth_token", "5390950c23ed471995c9244d2c6a4f9c"]]
  [1m[35mItem Load (0.6ms)[0m  SELECT  "items".* FROM "items" WHERE "items"."id" = $1 LIMIT 1  [["id", 1]]
  [1m[36m (0.7ms)[0m  [1mBEGIN[0m
  [1m[35mSQL (0.7ms)[0m  UPDATE "items" SET "name" = $1, "updated_at" = $2 WHERE "items"."id" = $3  [["name", "buiding API"], ["updated_at", "2015-04-20 14:40:04.430788"], ["id", 1]]
  [1m[36m (1.4ms)[0m  [1mCOMMIT[0m
Completed 200 OK in 14ms (Views: 0.4ms | ActiveRecord: 4.2ms)
